[2m2022-05-21 21:39:56.796[0;39m [32m INFO[0;39m [35m33784[0;39m [2m---[0;39m [2m[  restartedMain][0;39m [36m.e.DevToolsPropertyDefaultsPostProcessor[0;39m [2m:[0;39m Devtools property defaults active! Set 'spring.devtools.add-properties' to 'false' to disable
[2m2022-05-21 21:39:56.798[0;39m [32m INFO[0;39m [35m33784[0;39m [2m---[0;39m [2m[  restartedMain][0;39m [36m.e.DevToolsPropertyDefaultsPostProcessor[0;39m [2m:[0;39m For additional web related logging consider setting the 'logging.level.web' property to 'DEBUG'
[2m2022-05-21 21:39:57.900[0;39m [32m INFO[0;39m [35m33784[0;39m [2m---[0;39m [2m[  restartedMain][0;39m [36mo.s.b.w.embedded.tomcat.TomcatWebServer [0;39m [2m:[0;39m Tomcat initialized with port(s): 9999 (http)
[2m2022-05-21 21:39:58.058[0;39m [32m INFO[0;39m [35m33784[0;39m [2m---[0;39m [2m[  restartedMain][0;39m [36mw.s.c.ServletWebServerApplicationContext[0;39m [2m:[0;39m Root WebApplicationContext: initialization completed in 1260 ms
[2m2022-05-21 21:39:58.670[0;39m [32m INFO[0;39m [35m33784[0;39m [2m---[0;39m [2m[  restartedMain][0;39m [36mo.s.b.d.a.OptionalLiveReloadServer      [0;39m [2m:[0;39m LiveReload server is running on port 35729
[2m2022-05-21 21:39:58.809[0;39m [32m INFO[0;39m [35m33784[0;39m [2m---[0;39m [2m[  restartedMain][0;39m [36mo.s.b.w.embedded.tomcat.TomcatWebServer [0;39m [2m:[0;39m Tomcat started on port(s): 9999 (http) with context path '/aptmoa'
[2m2022-05-21 21:40:26.685[0;39m [32m INFO[0;39m [35m33784[0;39m [2m---[0;39m [2m[nio-9999-exec-1][0;39m [36mo.s.web.servlet.DispatcherServlet       [0;39m [2m:[0;39m Initializing Servlet 'dispatcherServlet'
[2m2022-05-21 21:40:26.686[0;39m [32m INFO[0;39m [35m33784[0;39m [2m---[0;39m [2m[nio-9999-exec-1][0;39m [36mo.s.web.servlet.DispatcherServlet       [0;39m [2m:[0;39m Completed initialization in 1 ms
[2m2022-05-21 21:40:26.709[0;39m [32mDEBUG[0;39m [35m33784[0;39m [2m---[0;39m [2m[nio-9999-exec-1][0;39m [36mc.p.aptmoa.controller.NoticeController  [0;39m [2m:[0;39m retrieveNotice - 호출
[2m2022-05-21 21:40:29.347[0;39m [32mDEBUG[0;39m [35m33784[0;39m [2m---[0;39m [2m[nio-9999-exec-3][0;39m [36mcom.pjt.aptmoa.controller.QnaController [0;39m [2m:[0;39m retrieveQna - 호출
[2m2022-05-21 21:40:30.094[0;39m [32mDEBUG[0;39m [35m33784[0;39m [2m---[0;39m [2m[nio-9999-exec-4][0;39m [36mc.p.aptmoa.controller.NoticeController  [0;39m [2m:[0;39m retrieveNotice - 호출
[2m2022-05-21 21:41:01.443[0;39m [32mDEBUG[0;39m [35m33784[0;39m [2m---[0;39m [2m[nio-9999-exec-2][0;39m [36mc.p.aptmoa.controller.NoticeController  [0;39m [2m:[0;39m retrieveNotice - 호출
[2m2022-05-21 21:41:23.992[0;39m [32mDEBUG[0;39m [35m33784[0;39m [2m---[0;39m [2m[nio-9999-exec-5][0;39m [36mc.p.aptmoa.controller.NoticeController  [0;39m [2m:[0;39m retrieveNotice - 호출
[2m2022-05-21 21:41:26.056[0;39m [32mDEBUG[0;39m [35m33784[0;39m [2m---[0;39m [2m[nio-9999-exec-6][0;39m [36mc.p.aptmoa.controller.NoticeController  [0;39m [2m:[0;39m retrieveNotice - 호출
[2m2022-05-21 21:42:34.144[0;39m [32mDEBUG[0;39m [35m33784[0;39m [2m---[0;39m [2m[nio-9999-exec-8][0;39m [36mcom.pjt.aptmoa.controller.QnaController [0;39m [2m:[0;39m retrieveQna - 호출
[2m2022-05-21 21:42:42.494[0;39m [32mDEBUG[0;39m [35m33784[0;39m [2m---[0;39m [2m[nio-9999-exec-9][0;39m [36mcom.pjt.aptmoa.controller.QnaController [0;39m [2m:[0;39m retrieveQna - 호출
[2m2022-05-21 21:43:52.981[0;39m [32mDEBUG[0;39m [35m33784[0;39m [2m---[0;39m [2m[nio-9999-exec-1][0;39m [36mcom.pjt.aptmoa.controller.QnaController [0;39m [2m:[0;39m retrieveQna - 호출
[2m2022-05-21 21:43:58.537[0;39m [32mDEBUG[0;39m [35m33784[0;39m [2m---[0;39m [2m[nio-9999-exec-3][0;39m [36mcom.pjt.aptmoa.controller.QnaController [0;39m [2m:[0;39m retrieveQna - 호출
[2m2022-05-21 21:44:23.784[0;39m [32mDEBUG[0;39m [35m33784[0;39m [2m---[0;39m [2m[nio-9999-exec-4][0;39m [36mcom.pjt.aptmoa.controller.QnaController [0;39m [2m:[0;39m retrieveQna - 호출
[2m2022-05-21 21:44:25.063[0;39m [32mDEBUG[0;39m [35m33784[0;39m [2m---[0;39m [2m[nio-9999-exec-2][0;39m [36mcom.pjt.aptmoa.controller.QnaController [0;39m [2m:[0;39m detailQna - 호출
[2m2022-05-21 21:44:26.450[0;39m [32mDEBUG[0;39m [35m33784[0;39m [2m---[0;39m [2m[nio-9999-exec-5][0;39m [36mcom.pjt.aptmoa.controller.QnaController [0;39m [2m:[0;39m retrieveQna - 호출
[2m2022-05-21 21:44:43.058[0;39m [32mDEBUG[0;39m [35m33784[0;39m [2m---[0;39m [2m[nio-9999-exec-6][0;39m [36mcom.pjt.aptmoa.controller.QnaController [0;39m [2m:[0;39m retrieveQna - 호출
[2m2022-05-21 21:46:34.125[0;39m [32mDEBUG[0;39m [35m33784[0;39m [2m---[0;39m [2m[nio-9999-exec-8][0;39m [36mcom.pjt.aptmoa.controller.QnaController [0;39m [2m:[0;39m retrieveQna - 호출
[2m2022-05-21 21:46:59.086[0;39m [32mDEBUG[0;39m [35m33784[0;39m [2m---[0;39m [2m[nio-9999-exec-9][0;39m [36mc.p.aptmoa.controller.NoticeController  [0;39m [2m:[0;39m retrieveNotice - 호출
[2m2022-05-21 21:46:59.669[0;39m [33m WARN[0;39m [35m33784[0;39m [2m---[0;39m [2m[io-9999-exec-10][0;39m [36m.w.s.m.s.DefaultHandlerExceptionResolver[0;39m [2m:[0;39m Resolved [org.springframework.web.method.annotation.MethodArgumentTypeMismatchException: Failed to convert value of type 'java.lang.String' to required type 'int'; nested exception is java.lang.NumberFormatException: For input string: "undefined"]
[2m2022-05-21 21:47:02.252[0;39m [32mDEBUG[0;39m [35m33784[0;39m [2m---[0;39m [2m[nio-9999-exec-1][0;39m [36mc.p.aptmoa.controller.NoticeController  [0;39m [2m:[0;39m retrieveNotice - 호출
[2m2022-05-21 21:47:12.689[0;39m [32mDEBUG[0;39m [35m33784[0;39m [2m---[0;39m [2m[nio-9999-exec-3][0;39m [36mcom.pjt.aptmoa.controller.QnaController [0;39m [2m:[0;39m retrieveQna - 호출
[2m2022-05-21 21:47:13.186[0;39m [32mDEBUG[0;39m [35m33784[0;39m [2m---[0;39m [2m[nio-9999-exec-4][0;39m [36mcom.pjt.aptmoa.controller.QnaController [0;39m [2m:[0;39m detailQna - 호출
[2m2022-05-21 21:47:14.516[0;39m [32mDEBUG[0;39m [35m33784[0;39m [2m---[0;39m [2m[nio-9999-exec-2][0;39m [36mc.p.aptmoa.controller.NoticeController  [0;39m [2m:[0;39m retrieveNotice - 호출
[2m2022-05-21 21:47:15.296[0;39m [33m WARN[0;39m [35m33784[0;39m [2m---[0;39m [2m[nio-9999-exec-5][0;39m [36m.w.s.m.s.DefaultHandlerExceptionResolver[0;39m [2m:[0;39m Resolved [org.springframework.web.method.annotation.MethodArgumentTypeMismatchException: Failed to convert value of type 'java.lang.String' to required type 'int'; nested exception is java.lang.NumberFormatException: For input string: "undefined"]
[2m2022-05-21 21:47:17.049[0;39m [32mDEBUG[0;39m [35m33784[0;39m [2m---[0;39m [2m[nio-9999-exec-6][0;39m [36mc.p.aptmoa.controller.NoticeController  [0;39m [2m:[0;39m retrieveNotice - 호출
[2m2022-05-21 21:47:31.657[0;39m [32mDEBUG[0;39m [35m33784[0;39m [2m---[0;39m [2m[nio-9999-exec-7][0;39m [36mcom.pjt.aptmoa.controller.QnaController [0;39m [2m:[0;39m retrieveQna - 호출
[2m2022-05-21 21:47:32.021[0;39m [32mDEBUG[0;39m [35m33784[0;39m [2m---[0;39m [2m[nio-9999-exec-8][0;39m [36mc.p.aptmoa.controller.NoticeController  [0;39m [2m:[0;39m retrieveNotice - 호출
[2m2022-05-21 21:47:59.447[0;39m [33m WARN[0;39m [35m33784[0;39m [2m---[0;39m [2m[nio-9999-exec-9][0;39m [36m.w.s.m.s.DefaultHandlerExceptionResolver[0;39m [2m:[0;39m Resolved [org.springframework.web.method.annotation.MethodArgumentTypeMismatchException: Failed to convert value of type 'java.lang.String' to required type 'int'; nested exception is java.lang.NumberFormatException: For input string: "undefined"]
[2m2022-05-21 21:48:00.210[0;39m [32mDEBUG[0;39m [35m33784[0;39m [2m---[0;39m [2m[io-9999-exec-10][0;39m [36mc.p.aptmoa.controller.NoticeController  [0;39m [2m:[0;39m retrieveNotice - 호출
[2m2022-05-21 21:48:01.373[0;39m [32mDEBUG[0;39m [35m33784[0;39m [2m---[0;39m [2m[nio-9999-exec-1][0;39m [36mc.p.aptmoa.controller.NoticeController  [0;39m [2m:[0;39m retrieveNotice - 호출
[2m2022-05-21 21:48:01.910[0;39m [32mDEBUG[0;39m [35m33784[0;39m [2m---[0;39m [2m[nio-9999-exec-3][0;39m [36mc.p.aptmoa.controller.NoticeController  [0;39m [2m:[0;39m detailNotice - 호출
[2m2022-05-21 21:48:02.810[0;39m [32mDEBUG[0;39m [35m33784[0;39m [2m---[0;39m [2m[nio-9999-exec-4][0;39m [36mc.p.aptmoa.controller.NoticeController  [0;39m [2m:[0;39m retrieveNotice - 호출
[2m2022-05-21 21:48:03.151[0;39m [32mDEBUG[0;39m [35m33784[0;39m [2m---[0;39m [2m[nio-9999-exec-2][0;39m [36mc.p.aptmoa.controller.NoticeController  [0;39m [2m:[0;39m detailNotice - 호출
[2m2022-05-21 21:48:04.113[0;39m [32mDEBUG[0;39m [35m33784[0;39m [2m---[0;39m [2m[nio-9999-exec-5][0;39m [36mc.p.aptmoa.controller.NoticeController  [0;39m [2m:[0;39m retrieveNotice - 호출
[2m2022-05-21 21:48:04.684[0;39m [32mDEBUG[0;39m [35m33784[0;39m [2m---[0;39m [2m[nio-9999-exec-6][0;39m [36mcom.pjt.aptmoa.controller.QnaController [0;39m [2m:[0;39m retrieveQna - 호출
[2m2022-05-21 21:48:10.603[0;39m [32mDEBUG[0;39m [35m33784[0;39m [2m---[0;39m [2m[nio-9999-exec-7][0;39m [36mcom.pjt.aptmoa.controller.QnaController [0;39m [2m:[0;39m detailQna - 호출
[2m2022-05-21 21:49:13.258[0;39m [32mDEBUG[0;39m [35m33784[0;39m [2m---[0;39m [2m[nio-9999-exec-9][0;39m [36mcom.pjt.aptmoa.controller.QnaController [0;39m [2m:[0;39m detailQna - 호출
[2m2022-05-21 21:49:15.463[0;39m [32mDEBUG[0;39m [35m33784[0;39m [2m---[0;39m [2m[io-9999-exec-10][0;39m [36mcom.pjt.aptmoa.controller.QnaController [0;39m [2m:[0;39m retrieveQna - 호출
[2m2022-05-21 21:49:16.176[0;39m [32mDEBUG[0;39m [35m33784[0;39m [2m---[0;39m [2m[nio-9999-exec-1][0;39m [36mcom.pjt.aptmoa.controller.QnaController [0;39m [2m:[0;39m detailQna - 호출
[2m2022-05-21 21:49:47.345[0;39m [32mDEBUG[0;39m [35m33784[0;39m [2m---[0;39m [2m[nio-9999-exec-3][0;39m [36mcom.pjt.aptmoa.controller.QnaController [0;39m [2m:[0;39m detailQna - 호출
[2m2022-05-21 21:50:22.747[0;39m [32mDEBUG[0;39m [35m33784[0;39m [2m---[0;39m [2m[nio-9999-exec-4][0;39m [36mcom.pjt.aptmoa.controller.QnaController [0;39m [2m:[0;39m detailQna - 호출
[2m2022-05-21 21:50:26.714[0;39m [32mDEBUG[0;39m [35m33784[0;39m [2m---[0;39m [2m[nio-9999-exec-2][0;39m [36mcom.pjt.aptmoa.controller.QnaController [0;39m [2m:[0;39m detailQna - 호출
[2m2022-05-21 21:50:40.024[0;39m [32mDEBUG[0;39m [35m33784[0;39m [2m---[0;39m [2m[nio-9999-exec-5][0;39m [36mc.p.aptmoa.controller.NoticeController  [0;39m [2m:[0;39m retrieveNotice - 호출
[2m2022-05-21 21:50:40.651[0;39m [32mDEBUG[0;39m [35m33784[0;39m [2m---[0;39m [2m[nio-9999-exec-6][0;39m [36mc.p.aptmoa.controller.NoticeController  [0;39m [2m:[0;39m detailNotice - 호출
[2m2022-05-21 21:50:42.952[0;39m [32mDEBUG[0;39m [35m33784[0;39m [2m---[0;39m [2m[nio-9999-exec-7][0;39m [36mc.p.aptmoa.controller.NoticeController  [0;39m [2m:[0;39m detailNotice - 호출
[2m2022-05-21 21:51:08.815[0;39m [32mDEBUG[0;39m [35m33784[0;39m [2m---[0;39m [2m[nio-9999-exec-8][0;39m [36mc.p.aptmoa.controller.NoticeController  [0;39m [2m:[0;39m detailNotice - 호출
[2m2022-05-21 21:51:40.684[0;39m [32mDEBUG[0;39m [35m33784[0;39m [2m---[0;39m [2m[nio-9999-exec-9][0;39m [36mc.p.aptmoa.controller.NoticeController  [0;39m [2m:[0;39m detailNotice - 호출
[2m2022-05-21 21:52:47.035[0;39m [32mDEBUG[0;39m [35m33784[0;39m [2m---[0;39m [2m[nio-9999-exec-1][0;39m [36mcom.pjt.aptmoa.controller.QnaController [0;39m [2m:[0;39m retrieveQna - 호출
[2m2022-05-21 21:52:47.729[0;39m [32mDEBUG[0;39m [35m33784[0;39m [2m---[0;39m [2m[nio-9999-exec-3][0;39m [36mcom.pjt.aptmoa.controller.QnaController [0;39m [2m:[0;39m detailQna - 호출
[2m2022-05-21 21:52:49.145[0;39m [32mDEBUG[0;39m [35m33784[0;39m [2m---[0;39m [2m[nio-9999-exec-4][0;39m [36mcom.pjt.aptmoa.controller.QnaController [0;39m [2m:[0;39m detailQna - 호출
[2m2022-05-21 21:53:15.269[0;39m [32mDEBUG[0;39m [35m33784[0;39m [2m---[0;39m [2m[nio-9999-exec-2][0;39m [36mcom.pjt.aptmoa.controller.QnaController [0;39m [2m:[0;39m detailQna - 호출
[2m2022-05-21 21:53:28.323[0;39m [32mDEBUG[0;39m [35m33784[0;39m [2m---[0;39m [2m[nio-9999-exec-5][0;39m [36mcom.pjt.aptmoa.controller.QnaController [0;39m [2m:[0;39m detailQna - 호출
[2m2022-05-21 21:53:51.357[0;39m [32mDEBUG[0;39m [35m33784[0;39m [2m---[0;39m [2m[nio-9999-exec-6][0;39m [36mcom.pjt.aptmoa.controller.QnaController [0;39m [2m:[0;39m detailQna - 호출
[2m2022-05-21 21:54:00.595[0;39m [32mDEBUG[0;39m [35m33784[0;39m [2m---[0;39m [2m[nio-9999-exec-7][0;39m [36mcom.pjt.aptmoa.controller.QnaController [0;39m [2m:[0;39m detailQna - 호출
[2m2022-05-21 21:54:23.208[0;39m [32mDEBUG[0;39m [35m33784[0;39m [2m---[0;39m [2m[nio-9999-exec-8][0;39m [36mcom.pjt.aptmoa.controller.QnaController [0;39m [2m:[0;39m detailQna - 호출
[2m2022-05-21 21:54:26.473[0;39m [32mDEBUG[0;39m [35m33784[0;39m [2m---[0;39m [2m[nio-9999-exec-9][0;39m [36mcom.pjt.aptmoa.controller.QnaController [0;39m [2m:[0;39m detailQna - 호출
[2m2022-05-21 21:54:52.824[0;39m [32mDEBUG[0;39m [35m33784[0;39m [2m---[0;39m [2m[io-9999-exec-10][0;39m [36mc.p.aptmoa.controller.NoticeController  [0;39m [2m:[0;39m retrieveNotice - 호출
[2m2022-05-21 21:54:53.447[0;39m [32mDEBUG[0;39m [35m33784[0;39m [2m---[0;39m [2m[nio-9999-exec-1][0;39m [36mc.p.aptmoa.controller.NoticeController  [0;39m [2m:[0;39m detailNotice - 호출
[2m2022-05-21 21:55:25.905[0;39m [32mDEBUG[0;39m [35m33784[0;39m [2m---[0;39m [2m[nio-9999-exec-3][0;39m [36mc.p.aptmoa.controller.NoticeController  [0;39m [2m:[0;39m detailNotice - 호출
[2m2022-05-21 21:57:21.239[0;39m [32mDEBUG[0;39m [35m33784[0;39m [2m---[0;39m [2m[nio-9999-exec-2][0;39m [36mc.p.aptmoa.controller.NoticeController  [0;39m [2m:[0;39m retrieveNotice - 호출
[2m2022-05-21 21:57:22.845[0;39m [32mDEBUG[0;39m [35m33784[0;39m [2m---[0;39m [2m[nio-9999-exec-5][0;39m [36mc.p.aptmoa.controller.NoticeController  [0;39m [2m:[0;39m retrieveNotice - 호출
[2m2022-05-21 22:01:35.177[0;39m [32mDEBUG[0;39m [35m33784[0;39m [2m---[0;39m [2m[nio-9999-exec-7][0;39m [36mc.p.aptmoa.controller.NoticeController  [0;39m [2m:[0;39m retrieveNotice - 호출
[2m2022-05-21 22:02:00.684[0;39m [32mDEBUG[0;39m [35m33784[0;39m [2m---[0;39m [2m[nio-9999-exec-8][0;39m [36mc.p.aptmoa.controller.NoticeController  [0;39m [2m:[0;39m writeNotice - 호출
[2m2022-05-21 22:02:01.463[0;39m [32mDEBUG[0;39m [35m33784[0;39m [2m---[0;39m [2m[nio-9999-exec-9][0;39m [36mc.p.aptmoa.controller.NoticeController  [0;39m [2m:[0;39m retrieveNotice - 호출
[2m2022-05-21 22:02:02.380[0;39m [32mDEBUG[0;39m [35m33784[0;39m [2m---[0;39m [2m[io-9999-exec-10][0;39m [36mc.p.aptmoa.controller.NoticeController  [0;39m [2m:[0;39m detailNotice - 호출
[2m2022-05-21 22:02:04.327[0;39m [32mDEBUG[0;39m [35m33784[0;39m [2m---[0;39m [2m[nio-9999-exec-1][0;39m [36mc.p.aptmoa.controller.NoticeController  [0;39m [2m:[0;39m retrieveNotice - 호출
[2m2022-05-21 22:02:04.955[0;39m [32mDEBUG[0;39m [35m33784[0;39m [2m---[0;39m [2m[nio-9999-exec-3][0;39m [36mc.p.aptmoa.controller.NoticeController  [0;39m [2m:[0;39m detailNotice - 호출
[2m2022-05-21 22:02:09.670[0;39m [32mDEBUG[0;39m [35m33784[0;39m [2m---[0;39m [2m[nio-9999-exec-4][0;39m [36mc.p.aptmoa.controller.NoticeController  [0;39m [2m:[0;39m detailNotice - 호출
[2m2022-05-21 22:02:22.943[0;39m [32mDEBUG[0;39m [35m33784[0;39m [2m---[0;39m [2m[nio-9999-exec-5][0;39m [36mc.p.aptmoa.controller.NoticeController  [0;39m [2m:[0;39m deleteNotice - 호출
[2m2022-05-21 22:02:22.972[0;39m [32mDEBUG[0;39m [35m33784[0;39m [2m---[0;39m [2m[nio-9999-exec-6][0;39m [36mc.p.aptmoa.controller.NoticeController  [0;39m [2m:[0;39m retrieveNotice - 호출
[2m2022-05-21 22:03:29.802[0;39m [32mDEBUG[0;39m [35m33784[0;39m [2m---[0;39m [2m[nio-9999-exec-8][0;39m [36mc.p.aptmoa.controller.NoticeController  [0;39m [2m:[0;39m writeNotice - 호출
[2m2022-05-21 22:03:30.500[0;39m [32mDEBUG[0;39m [35m33784[0;39m [2m---[0;39m [2m[nio-9999-exec-9][0;39m [36mc.p.aptmoa.controller.NoticeController  [0;39m [2m:[0;39m retrieveNotice - 호출
[2m2022-05-21 22:03:31.206[0;39m [32mDEBUG[0;39m [35m33784[0;39m [2m---[0;39m [2m[io-9999-exec-10][0;39m [36mc.p.aptmoa.controller.NoticeController  [0;39m [2m:[0;39m detailNotice - 호출
[2m2022-05-21 22:03:32.005[0;39m [32mDEBUG[0;39m [35m33784[0;39m [2m---[0;39m [2m[nio-9999-exec-1][0;39m [36mc.p.aptmoa.controller.NoticeController  [0;39m [2m:[0;39m retrieveNotice - 호출
[2m2022-05-21 22:03:32.363[0;39m [32mDEBUG[0;39m [35m33784[0;39m [2m---[0;39m [2m[nio-9999-exec-3][0;39m [36mc.p.aptmoa.controller.NoticeController  [0;39m [2m:[0;39m detailNotice - 호출
[2m2022-05-21 22:03:33.045[0;39m [32mDEBUG[0;39m [35m33784[0;39m [2m---[0;39m [2m[nio-9999-exec-4][0;39m [36mc.p.aptmoa.controller.NoticeController  [0;39m [2m:[0;39m retrieveNotice - 호출
[2m2022-05-21 22:03:33.292[0;39m [32mDEBUG[0;39m [35m33784[0;39m [2m---[0;39m [2m[nio-9999-exec-2][0;39m [36mc.p.aptmoa.controller.NoticeController  [0;39m [2m:[0;39m detailNotice - 호출
[2m2022-05-21 22:03:33.964[0;39m [32mDEBUG[0;39m [35m33784[0;39m [2m---[0;39m [2m[nio-9999-exec-5][0;39m [36mc.p.aptmoa.controller.NoticeController  [0;39m [2m:[0;39m retrieveNotice - 호출
[2m2022-05-21 22:03:34.750[0;39m [32mDEBUG[0;39m [35m33784[0;39m [2m---[0;39m [2m[nio-9999-exec-6][0;39m [36mc.p.aptmoa.controller.NoticeController  [0;39m [2m:[0;39m detailNotice - 호출
[2m2022-05-21 22:03:35.379[0;39m [32mDEBUG[0;39m [35m33784[0;39m [2m---[0;39m [2m[nio-9999-exec-7][0;39m [36mc.p.aptmoa.controller.NoticeController  [0;39m [2m:[0;39m retrieveNotice - 호출
[2m2022-05-21 22:03:35.768[0;39m [32mDEBUG[0;39m [35m33784[0;39m [2m---[0;39m [2m[nio-9999-exec-8][0;39m [36mc.p.aptmoa.controller.NoticeController  [0;39m [2m:[0;39m detailNotice - 호출
[2m2022-05-21 22:03:37.954[0;39m [32mDEBUG[0;39m [35m33784[0;39m [2m---[0;39m [2m[io-9999-exec-10][0;39m [36mc.p.aptmoa.controller.NoticeController  [0;39m [2m:[0;39m deleteNotice - 호출
[2m2022-05-21 22:03:37.973[0;39m [32mDEBUG[0;39m [35m33784[0;39m [2m---[0;39m [2m[nio-9999-exec-1][0;39m [36mc.p.aptmoa.controller.NoticeController  [0;39m [2m:[0;39m retrieveNotice - 호출
[2m2022-05-21 22:04:52.287[0;39m [32mDEBUG[0;39m [35m33784[0;39m [2m---[0;39m [2m[nio-9999-exec-4][0;39m [36mc.p.aptmoa.controller.NoticeController  [0;39m [2m:[0;39m retrieveNotice - 호출
[2m2022-05-21 22:04:53.489[0;39m [32mDEBUG[0;39m [35m33784[0;39m [2m---[0;39m [2m[nio-9999-exec-2][0;39m [36mcom.pjt.aptmoa.controller.QnaController [0;39m [2m:[0;39m retrieveQna - 호출
[2m2022-05-21 22:04:54.116[0;39m [32mDEBUG[0;39m [35m33784[0;39m [2m---[0;39m [2m[nio-9999-exec-5][0;39m [36mcom.pjt.aptmoa.controller.QnaController [0;39m [2m:[0;39m detailQna - 호출
[2m2022-05-21 22:04:55.079[0;39m [32mDEBUG[0;39m [35m33784[0;39m [2m---[0;39m [2m[nio-9999-exec-6][0;39m [36mcom.pjt.aptmoa.controller.QnaController [0;39m [2m:[0;39m detailQna - 호출
[2m2022-05-21 22:04:55.689[0;39m [32mDEBUG[0;39m [35m33784[0;39m [2m---[0;39m [2m[nio-9999-exec-7][0;39m [36mcom.pjt.aptmoa.controller.QnaController [0;39m [2m:[0;39m retrieveQna - 호출
[2m2022-05-21 22:05:11.092[0;39m [32mDEBUG[0;39m [35m33784[0;39m [2m---[0;39m [2m[nio-9999-exec-8][0;39m [36mcom.pjt.aptmoa.controller.QnaController [0;39m [2m:[0;39m detailQna - 호출
[2m2022-05-21 22:05:11.780[0;39m [32mDEBUG[0;39m [35m33784[0;39m [2m---[0;39m [2m[nio-9999-exec-9][0;39m [36mcom.pjt.aptmoa.controller.QnaController [0;39m [2m:[0;39m detailQna - 호출
[2m2022-05-21 22:05:12.901[0;39m [32mDEBUG[0;39m [35m33784[0;39m [2m---[0;39m [2m[io-9999-exec-10][0;39m [36mcom.pjt.aptmoa.controller.QnaController [0;39m [2m:[0;39m retrieveQna - 호출
[2m2022-05-21 22:06:13.064[0;39m [32mDEBUG[0;39m [35m33784[0;39m [2m---[0;39m [2m[nio-9999-exec-1][0;39m [36mcom.pjt.aptmoa.controller.QnaController [0;39m [2m:[0;39m writeQna - 호출
[2m2022-05-21 22:06:13.803[0;39m [32mDEBUG[0;39m [35m33784[0;39m [2m---[0;39m [2m[nio-9999-exec-3][0;39m [36mcom.pjt.aptmoa.controller.QnaController [0;39m [2m:[0;39m retrieveQna - 호출
[2m2022-05-21 22:06:15.036[0;39m [32mDEBUG[0;39m [35m33784[0;39m [2m---[0;39m [2m[nio-9999-exec-4][0;39m [36mcom.pjt.aptmoa.controller.QnaController [0;39m [2m:[0;39m detailQna - 호출
[2m2022-05-21 22:06:16.610[0;39m [32mDEBUG[0;39m [35m33784[0;39m [2m---[0;39m [2m[nio-9999-exec-2][0;39m [36mcom.pjt.aptmoa.controller.QnaController [0;39m [2m:[0;39m detailQna - 호출
[2m2022-05-21 22:06:18.187[0;39m [32mDEBUG[0;39m [35m33784[0;39m [2m---[0;39m [2m[nio-9999-exec-6][0;39m [36mcom.pjt.aptmoa.controller.QnaController [0;39m [2m:[0;39m updatQna - 호출
[2m2022-05-21 22:06:18.928[0;39m [32mDEBUG[0;39m [35m33784[0;39m [2m---[0;39m [2m[nio-9999-exec-7][0;39m [36mcom.pjt.aptmoa.controller.QnaController [0;39m [2m:[0;39m retrieveQna - 호출
[2m2022-05-21 22:06:19.653[0;39m [32mDEBUG[0;39m [35m33784[0;39m [2m---[0;39m [2m[nio-9999-exec-8][0;39m [36mcom.pjt.aptmoa.controller.QnaController [0;39m [2m:[0;39m detailQna - 호출
[2m2022-05-21 22:06:21.417[0;39m [32mDEBUG[0;39m [35m33784[0;39m [2m---[0;39m [2m[nio-9999-exec-9][0;39m [36mcom.pjt.aptmoa.controller.QnaController [0;39m [2m:[0;39m deleteQna - 호출
[2m2022-05-21 22:06:21.440[0;39m [32mDEBUG[0;39m [35m33784[0;39m [2m---[0;39m [2m[io-9999-exec-10][0;39m [36mcom.pjt.aptmoa.controller.QnaController [0;39m [2m:[0;39m retrieveQna - 호출
[2m2022-05-21 22:06:22.445[0;39m [32mDEBUG[0;39m [35m33784[0;39m [2m---[0;39m [2m[nio-9999-exec-1][0;39m [36mcom.pjt.aptmoa.controller.QnaController [0;39m [2m:[0;39m detailQna - 호출
[2m2022-05-21 22:06:50.218[0;39m [32mDEBUG[0;39m [35m33784[0;39m [2m---[0;39m [2m[nio-9999-exec-3][0;39m [36mcom.pjt.aptmoa.controller.QnaController [0;39m [2m:[0;39m retrieveQna - 호출
[2m2022-05-21 22:06:51.973[0;39m [32mDEBUG[0;39m [35m33784[0;39m [2m---[0;39m [2m[nio-9999-exec-4][0;39m [36mcom.pjt.aptmoa.controller.QnaController [0;39m [2m:[0;39m detailQna - 호출
[2m2022-05-21 22:06:57.419[0;39m [32mDEBUG[0;39m [35m33784[0;39m [2m---[0;39m [2m[nio-9999-exec-2][0;39m [36mcom.pjt.aptmoa.controller.QnaController [0;39m [2m:[0;39m retrieveQna - 호출
[2m2022-05-21 22:06:59.304[0;39m [32mDEBUG[0;39m [35m33784[0;39m [2m---[0;39m [2m[nio-9999-exec-5][0;39m [36mcom.pjt.aptmoa.controller.QnaController [0;39m [2m:[0;39m detailQna - 호출
[2m2022-05-21 22:07:04.457[0;39m [32mDEBUG[0;39m [35m33784[0;39m [2m---[0;39m [2m[nio-9999-exec-6][0;39m [36mcom.pjt.aptmoa.controller.QnaController [0;39m [2m:[0;39m detailQna - 호출
[2m2022-05-21 22:08:40.410[0;39m [32mDEBUG[0;39m [35m33784[0;39m [2m---[0;39m [2m[nio-9999-exec-8][0;39m [36mcom.pjt.aptmoa.controller.QnaController [0;39m [2m:[0;39m retrieveQna - 호출
[2m2022-05-21 22:08:41.167[0;39m [32mDEBUG[0;39m [35m33784[0;39m [2m---[0;39m [2m[nio-9999-exec-9][0;39m [36mcom.pjt.aptmoa.controller.QnaController [0;39m [2m:[0;39m detailQna - 호출
[2m2022-05-21 22:08:42.156[0;39m [32mDEBUG[0;39m [35m33784[0;39m [2m---[0;39m [2m[io-9999-exec-10][0;39m [36mcom.pjt.aptmoa.controller.QnaController [0;39m [2m:[0;39m retrieveQna - 호출
[2m2022-05-21 22:08:42.545[0;39m [32mDEBUG[0;39m [35m33784[0;39m [2m---[0;39m [2m[nio-9999-exec-1][0;39m [36mcom.pjt.aptmoa.controller.QnaController [0;39m [2m:[0;39m detailQna - 호출
[2m2022-05-21 22:08:43.064[0;39m [32mDEBUG[0;39m [35m33784[0;39m [2m---[0;39m [2m[nio-9999-exec-3][0;39m [36mcom.pjt.aptmoa.controller.QnaController [0;39m [2m:[0;39m retrieveQna - 호출
[2m2022-05-21 22:08:43.333[0;39m [32mDEBUG[0;39m [35m33784[0;39m [2m---[0;39m [2m[nio-9999-exec-4][0;39m [36mcom.pjt.aptmoa.controller.QnaController [0;39m [2m:[0;39m detailQna - 호출
[2m2022-05-21 22:08:44.030[0;39m [32mDEBUG[0;39m [35m33784[0;39m [2m---[0;39m [2m[nio-9999-exec-2][0;39m [36mcom.pjt.aptmoa.controller.QnaController [0;39m [2m:[0;39m retrieveQna - 호출
[2m2022-05-21 22:09:07.182[0;39m [32mDEBUG[0;39m [35m33784[0;39m [2m---[0;39m [2m[nio-9999-exec-5][0;39m [36mc.p.aptmoa.controller.NoticeController  [0;39m [2m:[0;39m retrieveNotice - 호출
[2m2022-05-21 22:09:09.007[0;39m [32mDEBUG[0;39m [35m33784[0;39m [2m---[0;39m [2m[nio-9999-exec-6][0;39m [36mcom.pjt.aptmoa.controller.QnaController [0;39m [2m:[0;39m retrieveQna - 호출
[2m2022-05-21 22:09:15.827[0;39m [32mDEBUG[0;39m [35m33784[0;39m [2m---[0;39m [2m[nio-9999-exec-7][0;39m [36mcom.pjt.aptmoa.controller.QnaController [0;39m [2m:[0;39m retrieveQna - 호출
[2m2022-05-21 22:09:16.456[0;39m [32mDEBUG[0;39m [35m33784[0;39m [2m---[0;39m [2m[nio-9999-exec-8][0;39m [36mc.p.aptmoa.controller.NoticeController  [0;39m [2m:[0;39m retrieveNotice - 호출
[2m2022-05-21 22:09:23.725[0;39m [32mDEBUG[0;39m [35m33784[0;39m [2m---[0;39m [2m[nio-9999-exec-9][0;39m [36mc.p.aptmoa.controller.NoticeController  [0;39m [2m:[0;39m retrieveNotice - 호출
[2m2022-05-21 22:09:54.601[0;39m [32mDEBUG[0;39m [35m33784[0;39m [2m---[0;39m [2m[io-9999-exec-10][0;39m [36mc.p.aptmoa.controller.NoticeController  [0;39m [2m:[0;39m retrieveNotice - 호출
[2m2022-05-21 22:09:56.200[0;39m [32mDEBUG[0;39m [35m33784[0;39m [2m---[0;39m [2m[nio-9999-exec-1][0;39m [36mc.p.aptmoa.controller.NoticeController  [0;39m [2m:[0;39m detailNotice - 호출
[2m2022-05-21 22:09:57.124[0;39m [32mDEBUG[0;39m [35m33784[0;39m [2m---[0;39m [2m[nio-9999-exec-3][0;39m [36mc.p.aptmoa.controller.NoticeController  [0;39m [2m:[0;39m retrieveNotice - 호출
[2m2022-05-21 22:09:57.582[0;39m [32mDEBUG[0;39m [35m33784[0;39m [2m---[0;39m [2m[nio-9999-exec-4][0;39m [36mc.p.aptmoa.controller.NoticeController  [0;39m [2m:[0;39m detailNotice - 호출
[2m2022-05-21 22:09:58.213[0;39m [32mDEBUG[0;39m [35m33784[0;39m [2m---[0;39m [2m[nio-9999-exec-2][0;39m [36mc.p.aptmoa.controller.NoticeController  [0;39m [2m:[0;39m retrieveNotice - 호출
[2m2022-05-21 22:10:07.805[0;39m [32mDEBUG[0;39m [35m33784[0;39m [2m---[0;39m [2m[nio-9999-exec-5][0;39m [36mc.p.aptmoa.controller.NoticeController  [0;39m [2m:[0;39m retrieveNotice - 호출
[2m2022-05-21 22:13:08.415[0;39m [32mDEBUG[0;39m [35m33784[0;39m [2m---[0;39m [2m[nio-9999-exec-7][0;39m [36mc.p.aptmoa.controller.NoticeController  [0;39m [2m:[0;39m retrieveNotice - 호출
[2m2022-05-21 22:13:08.987[0;39m [32mDEBUG[0;39m [35m33784[0;39m [2m---[0;39m [2m[nio-9999-exec-8][0;39m [36mcom.pjt.aptmoa.controller.QnaController [0;39m [2m:[0;39m retrieveQna - 호출
[2m2022-05-21 22:13:09.675[0;39m [32mDEBUG[0;39m [35m33784[0;39m [2m---[0;39m [2m[nio-9999-exec-9][0;39m [36mc.p.aptmoa.controller.NoticeController  [0;39m [2m:[0;39m retrieveNotice - 호출
[2m2022-05-21 22:13:10.875[0;39m [32mDEBUG[0;39m [35m33784[0;39m [2m---[0;39m [2m[io-9999-exec-10][0;39m [36mc.p.aptmoa.controller.NoticeController  [0;39m [2m:[0;39m retrieveNotice - 호출
[2m2022-05-21 22:23:26.255[0;39m [32mDEBUG[0;39m [35m33784[0;39m [2m---[0;39m [2m[nio-9999-exec-3][0;39m [36mc.p.aptmoa.controller.NoticeController  [0;39m [2m:[0;39m retrieveNews - 호출
[2m2022-05-21 22:23:45.721[0;39m [32mDEBUG[0;39m [35m33784[0;39m [2m---[0;39m [2m[nio-9999-exec-4][0;39m [36mc.p.aptmoa.controller.NoticeController  [0;39m [2m:[0;39m retrieveNews - 호출
[2m2022-05-21 22:23:50.344[0;39m [32mDEBUG[0;39m [35m33784[0;39m [2m---[0;39m [2m[nio-9999-exec-2][0;39m [36mc.p.aptmoa.controller.NoticeController  [0;39m [2m:[0;39m retrieveNews - 호출
[2m2022-05-21 22:24:10.424[0;39m [32mDEBUG[0;39m [35m33784[0;39m [2m---[0;39m [2m[nio-9999-exec-5][0;39m [36mc.p.aptmoa.controller.NoticeController  [0;39m [2m:[0;39m retrieveNews - 호출
[2m2022-05-21 22:24:14.013[0;39m [32mDEBUG[0;39m [35m33784[0;39m [2m---[0;39m [2m[nio-9999-exec-6][0;39m [36mc.p.aptmoa.controller.NoticeController  [0;39m [2m:[0;39m retrieveNews - 호출
[2m2022-05-21 22:24:30.445[0;39m [32mDEBUG[0;39m [35m33784[0;39m [2m---[0;39m [2m[nio-9999-exec-7][0;39m [36mc.p.aptmoa.controller.NoticeController  [0;39m [2m:[0;39m retrieveNews - 호출
[2m2022-05-21 22:24:44.142[0;39m [32mDEBUG[0;39m [35m33784[0;39m [2m---[0;39m [2m[nio-9999-exec-8][0;39m [36mc.p.aptmoa.controller.NoticeController  [0;39m [2m:[0;39m retrieveNews - 호출
[2m2022-05-21 22:25:12.125[0;39m [32mDEBUG[0;39m [35m33784[0;39m [2m---[0;39m [2m[nio-9999-exec-9][0;39m [36mc.p.aptmoa.controller.NoticeController  [0;39m [2m:[0;39m retrieveNews - 호출
[2m2022-05-21 22:25:14.793[0;39m [32mDEBUG[0;39m [35m33784[0;39m [2m---[0;39m [2m[io-9999-exec-10][0;39m [36mc.p.aptmoa.controller.NoticeController  [0;39m [2m:[0;39m retrieveNews - 호출
[2m2022-05-21 22:25:26.431[0;39m [32mDEBUG[0;39m [35m33784[0;39m [2m---[0;39m [2m[nio-9999-exec-1][0;39m [36mc.p.aptmoa.controller.NoticeController  [0;39m [2m:[0;39m retrieveNews - 호출
[2m2022-05-21 22:25:28.206[0;39m [32mDEBUG[0;39m [35m33784[0;39m [2m---[0;39m [2m[nio-9999-exec-3][0;39m [36mc.p.aptmoa.controller.NoticeController  [0;39m [2m:[0;39m retrieveNews - 호출
[2m2022-05-21 22:25:39.134[0;39m [32mDEBUG[0;39m [35m33784[0;39m [2m---[0;39m [2m[nio-9999-exec-2][0;39m [36mc.p.aptmoa.controller.NoticeController  [0;39m [2m:[0;39m retrieveNews - 호출
[2m2022-05-21 22:26:10.391[0;39m [32m INFO[0;39m [35m33784[0;39m [2m---[0;39m [2m[  restartedMain][0;39m [36mo.s.b.w.embedded.tomcat.TomcatWebServer [0;39m [2m:[0;39m Tomcat initialized with port(s): 9999 (http)
[2m2022-05-21 22:26:10.443[0;39m [32m INFO[0;39m [35m33784[0;39m [2m---[0;39m [2m[  restartedMain][0;39m [36mw.s.c.ServletWebServerApplicationContext[0;39m [2m:[0;39m Root WebApplicationContext: initialization completed in 417 ms
[2m2022-05-21 22:26:10.598[0;39m [32m INFO[0;39m [35m33784[0;39m [2m---[0;39m [2m[  restartedMain][0;39m [36mo.s.b.d.a.OptionalLiveReloadServer      [0;39m [2m:[0;39m LiveReload server is running on port 35729
[2m2022-05-21 22:26:10.641[0;39m [32m INFO[0;39m [35m33784[0;39m [2m---[0;39m [2m[  restartedMain][0;39m [36mo.s.b.w.embedded.tomcat.TomcatWebServer [0;39m [2m:[0;39m Tomcat started on port(s): 9999 (http) with context path '/aptmoa'
[2m2022-05-21 22:26:10.741[0;39m [32m INFO[0;39m [35m33784[0;39m [2m---[0;39m [2m[  restartedMain][0;39m [36m.ConditionEvaluationDeltaLoggingListener[0;39m [2m:[0;39m Condition evaluation unchanged
[2m2022-05-21 22:26:19.737[0;39m [32m INFO[0;39m [35m33784[0;39m [2m---[0;39m [2m[  restartedMain][0;39m [36mo.s.b.w.embedded.tomcat.TomcatWebServer [0;39m [2m:[0;39m Tomcat initialized with port(s): 9999 (http)
[2m2022-05-21 22:26:19.784[0;39m [32m INFO[0;39m [35m33784[0;39m [2m---[0;39m [2m[  restartedMain][0;39m [36mw.s.c.ServletWebServerApplicationContext[0;39m [2m:[0;39m Root WebApplicationContext: initialization completed in 341 ms
[2m2022-05-21 22:26:19.918[0;39m [32m INFO[0;39m [35m33784[0;39m [2m---[0;39m [2m[  restartedMain][0;39m [36mo.s.b.d.a.OptionalLiveReloadServer      [0;39m [2m:[0;39m LiveReload server is running on port 35729
[2m2022-05-21 22:26:19.956[0;39m [32m INFO[0;39m [35m33784[0;39m [2m---[0;39m [2m[  restartedMain][0;39m [36mo.s.b.w.embedded.tomcat.TomcatWebServer [0;39m [2m:[0;39m Tomcat started on port(s): 9999 (http) with context path '/aptmoa'
[2m2022-05-21 22:26:20.040[0;39m [32m INFO[0;39m [35m33784[0;39m [2m---[0;39m [2m[  restartedMain][0;39m [36m.ConditionEvaluationDeltaLoggingListener[0;39m [2m:[0;39m Condition evaluation unchanged
[2m2022-05-21 22:26:25.934[0;39m [32m INFO[0;39m [35m33784[0;39m [2m---[0;39m [2m[  restartedMain][0;39m [36mo.s.b.w.embedded.tomcat.TomcatWebServer [0;39m [2m:[0;39m Tomcat initialized with port(s): 9999 (http)
[2m2022-05-21 22:26:25.977[0;39m [32m INFO[0;39m [35m33784[0;39m [2m---[0;39m [2m[  restartedMain][0;39m [36mw.s.c.ServletWebServerApplicationContext[0;39m [2m:[0;39m Root WebApplicationContext: initialization completed in 332 ms
[2m2022-05-21 22:26:26.108[0;39m [32m INFO[0;39m [35m33784[0;39m [2m---[0;39m [2m[  restartedMain][0;39m [36mo.s.b.d.a.OptionalLiveReloadServer      [0;39m [2m:[0;39m LiveReload server is running on port 35729
[2m2022-05-21 22:26:26.146[0;39m [32m INFO[0;39m [35m33784[0;39m [2m---[0;39m [2m[  restartedMain][0;39m [36mo.s.b.w.embedded.tomcat.TomcatWebServer [0;39m [2m:[0;39m Tomcat started on port(s): 9999 (http) with context path '/aptmoa'
[2m2022-05-21 22:26:26.222[0;39m [32m INFO[0;39m [35m33784[0;39m [2m---[0;39m [2m[  restartedMain][0;39m [36m.ConditionEvaluationDeltaLoggingListener[0;39m [2m:[0;39m Condition evaluation unchanged
[2m2022-05-21 22:26:31.184[0;39m [32m INFO[0;39m [35m33784[0;39m [2m---[0;39m [2m[  restartedMain][0;39m [36mo.s.b.w.embedded.tomcat.TomcatWebServer [0;39m [2m:[0;39m Tomcat initialized with port(s): 9999 (http)
[2m2022-05-21 22:26:31.231[0;39m [32m INFO[0;39m [35m33784[0;39m [2m---[0;39m [2m[  restartedMain][0;39m [36mw.s.c.ServletWebServerApplicationContext[0;39m [2m:[0;39m Root WebApplicationContext: initialization completed in 355 ms
[2m2022-05-21 22:26:31.358[0;39m [32m INFO[0;39m [35m33784[0;39m [2m---[0;39m [2m[  restartedMain][0;39m [36mo.s.b.d.a.OptionalLiveReloadServer      [0;39m [2m:[0;39m LiveReload server is running on port 35729
[2m2022-05-21 22:26:31.397[0;39m [32m INFO[0;39m [35m33784[0;39m [2m---[0;39m [2m[  restartedMain][0;39m [36mo.s.b.w.embedded.tomcat.TomcatWebServer [0;39m [2m:[0;39m Tomcat started on port(s): 9999 (http) with context path '/aptmoa'
[2m2022-05-21 22:26:31.442[0;39m [32m INFO[0;39m [35m33784[0;39m [2m---[0;39m [2m[nio-9999-exec-1][0;39m [36mo.s.web.servlet.DispatcherServlet       [0;39m [2m:[0;39m Initializing Servlet 'dispatcherServlet'
[2m2022-05-21 22:26:31.444[0;39m [32m INFO[0;39m [35m33784[0;39m [2m---[0;39m [2m[nio-9999-exec-1][0;39m [36mo.s.web.servlet.DispatcherServlet       [0;39m [2m:[0;39m Completed initialization in 1 ms
[2m2022-05-21 22:26:31.487[0;39m [32m INFO[0;39m [35m33784[0;39m [2m---[0;39m [2m[  restartedMain][0;39m [36m.ConditionEvaluationDeltaLoggingListener[0;39m [2m:[0;39m Condition evaluation unchanged
[2m2022-05-21 22:26:33.961[0;39m [32mDEBUG[0;39m [35m33784[0;39m [2m---[0;39m [2m[nio-9999-exec-8][0;39m [36mc.p.aptmoa.controller.NoticeController  [0;39m [2m:[0;39m retrieveNews - 호출
[2m2022-05-21 22:26:36.641[0;39m [32mDEBUG[0;39m [35m33784[0;39m [2m---[0;39m [2m[nio-9999-exec-9][0;39m [36mc.p.aptmoa.controller.NoticeController  [0;39m [2m:[0;39m retrieveNews - 호출
[2m2022-05-21 22:26:41.644[0;39m [32mDEBUG[0;39m [35m33784[0;39m [2m---[0;39m [2m[nio-9999-exec-6][0;39m [36mc.p.aptmoa.controller.NoticeController  [0;39m [2m:[0;39m retrieveNews - 호출
[2m2022-05-21 22:26:57.064[0;39m [32m INFO[0;39m [35m33784[0;39m [2m---[0;39m [2m[  restartedMain][0;39m [36mo.s.b.w.embedded.tomcat.TomcatWebServer [0;39m [2m:[0;39m Tomcat initialized with port(s): 9999 (http)
[2m2022-05-21 22:26:57.113[0;39m [32m INFO[0;39m [35m33784[0;39m [2m---[0;39m [2m[  restartedMain][0;39m [36mw.s.c.ServletWebServerApplicationContext[0;39m [2m:[0;39m Root WebApplicationContext: initialization completed in 396 ms
[2m2022-05-21 22:26:57.260[0;39m [32m INFO[0;39m [35m33784[0;39m [2m---[0;39m [2m[  restartedMain][0;39m [36mo.s.b.d.a.OptionalLiveReloadServer      [0;39m [2m:[0;39m LiveReload server is running on port 35729
[2m2022-05-21 22:26:57.315[0;39m [32m INFO[0;39m [35m33784[0;39m [2m---[0;39m [2m[  restartedMain][0;39m [36mo.s.b.w.embedded.tomcat.TomcatWebServer [0;39m [2m:[0;39m Tomcat started on port(s): 9999 (http) with context path '/aptmoa'
[2m2022-05-21 22:26:57.416[0;39m [32m INFO[0;39m [35m33784[0;39m [2m---[0;39m [2m[  restartedMain][0;39m [36m.ConditionEvaluationDeltaLoggingListener[0;39m [2m:[0;39m Condition evaluation unchanged
[2m2022-05-21 22:26:58.358[0;39m [32m INFO[0;39m [35m33784[0;39m [2m---[0;39m [2m[nio-9999-exec-1][0;39m [36mo.s.web.servlet.DispatcherServlet       [0;39m [2m:[0;39m Initializing Servlet 'dispatcherServlet'
[2m2022-05-21 22:26:58.360[0;39m [32m INFO[0;39m [35m33784[0;39m [2m---[0;39m [2m[nio-9999-exec-1][0;39m [36mo.s.web.servlet.DispatcherServlet       [0;39m [2m:[0;39m Completed initialization in 1 ms
[2m2022-05-21 22:26:58.362[0;39m [32mDEBUG[0;39m [35m33784[0;39m [2m---[0;39m [2m[nio-9999-exec-1][0;39m [36mc.p.aptmoa.controller.NoticeController  [0;39m [2m:[0;39m retrieveNews - 호출
[2m2022-05-21 22:27:06.519[0;39m [32mDEBUG[0;39m [35m33784[0;39m [2m---[0;39m [2m[nio-9999-exec-2][0;39m [36mc.p.aptmoa.controller.NoticeController  [0;39m [2m:[0;39m retrieveNews - 호출
[2m2022-05-21 22:27:11.816[0;39m [32mDEBUG[0;39m [35m33784[0;39m [2m---[0;39m [2m[nio-9999-exec-4][0;39m [36mc.p.aptmoa.controller.NoticeController  [0;39m [2m:[0;39m retrieveNews - 호출
[2m2022-05-21 22:27:40.508[0;39m [32mDEBUG[0;39m [35m33784[0;39m [2m---[0;39m [2m[nio-9999-exec-3][0;39m [36mc.p.aptmoa.controller.NoticeController  [0;39m [2m:[0;39m retrieveNews - 호출
[2m2022-05-21 22:28:02.638[0;39m [32mDEBUG[0;39m [35m33784[0;39m [2m---[0;39m [2m[nio-9999-exec-6][0;39m [36mc.p.aptmoa.controller.NoticeController  [0;39m [2m:[0;39m retrieveNews - 호출
[2m2022-05-21 22:28:08.920[0;39m [32mDEBUG[0;39m [35m33784[0;39m [2m---[0;39m [2m[nio-9999-exec-7][0;39m [36mc.p.aptmoa.controller.NoticeController  [0;39m [2m:[0;39m retrieveNews - 호출
[2m2022-05-21 22:28:13.553[0;39m [32mDEBUG[0;39m [35m33784[0;39m [2m---[0;39m [2m[nio-9999-exec-8][0;39m [36mc.p.aptmoa.controller.NoticeController  [0;39m [2m:[0;39m retrieveNews - 호출
[2m2022-05-21 22:28:37.318[0;39m [32mDEBUG[0;39m [35m33784[0;39m [2m---[0;39m [2m[io-9999-exec-10][0;39m [36mc.p.aptmoa.controller.NoticeController  [0;39m [2m:[0;39m retrieveNews - 호출
[2m2022-05-21 22:28:40.080[0;39m [32mDEBUG[0;39m [35m33784[0;39m [2m---[0;39m [2m[nio-9999-exec-9][0;39m [36mc.p.aptmoa.controller.NoticeController  [0;39m [2m:[0;39m retrieveNews - 호출
[2m2022-05-21 22:28:47.298[0;39m [32mDEBUG[0;39m [35m33784[0;39m [2m---[0;39m [2m[nio-9999-exec-1][0;39m [36mc.p.aptmoa.controller.NoticeController  [0;39m [2m:[0;39m retrieveNews - 호출
[2m2022-05-21 22:28:56.055[0;39m [32mDEBUG[0;39m [35m33784[0;39m [2m---[0;39m [2m[nio-9999-exec-2][0;39m [36mc.p.aptmoa.controller.NoticeController  [0;39m [2m:[0;39m retrieveNews - 호출
[2m2022-05-21 22:29:00.698[0;39m [32mDEBUG[0;39m [35m33784[0;39m [2m---[0;39m [2m[nio-9999-exec-4][0;39m [36mc.p.aptmoa.controller.NoticeController  [0;39m [2m:[0;39m retrieveNews - 호출
[2m2022-05-21 22:29:06.674[0;39m [32mDEBUG[0;39m [35m33784[0;39m [2m---[0;39m [2m[nio-9999-exec-3][0;39m [36mc.p.aptmoa.controller.NoticeController  [0;39m [2m:[0;39m retrieveNews - 호출
[2m2022-05-21 22:29:11.911[0;39m [32mDEBUG[0;39m [35m33784[0;39m [2m---[0;39m [2m[nio-9999-exec-5][0;39m [36mc.p.aptmoa.controller.NoticeController  [0;39m [2m:[0;39m retrieveNews - 호출
[2m2022-05-21 22:29:33.878[0;39m [32mDEBUG[0;39m [35m33784[0;39m [2m---[0;39m [2m[nio-9999-exec-6][0;39m [36mc.p.aptmoa.controller.NoticeController  [0;39m [2m:[0;39m retrieveNews - 호출
[2m2022-05-21 22:29:49.029[0;39m [32mDEBUG[0;39m [35m33784[0;39m [2m---[0;39m [2m[nio-9999-exec-7][0;39m [36mc.p.aptmoa.controller.NoticeController  [0;39m [2m:[0;39m retrieveNews - 호출
[2m2022-05-21 22:29:56.819[0;39m [32mDEBUG[0;39m [35m33784[0;39m [2m---[0;39m [2m[nio-9999-exec-8][0;39m [36mc.p.aptmoa.controller.NoticeController  [0;39m [2m:[0;39m retrieveNews - 호출
[2m2022-05-21 22:30:18.303[0;39m [32mDEBUG[0;39m [35m33784[0;39m [2m---[0;39m [2m[io-9999-exec-10][0;39m [36mc.p.aptmoa.controller.NoticeController  [0;39m [2m:[0;39m retrieveNews - 호출
[2m2022-05-21 22:30:25.960[0;39m [32mDEBUG[0;39m [35m33784[0;39m [2m---[0;39m [2m[nio-9999-exec-9][0;39m [36mc.p.aptmoa.controller.NoticeController  [0;39m [2m:[0;39m retrieveNews - 호출
[2m2022-05-21 22:30:30.925[0;39m [32mDEBUG[0;39m [35m33784[0;39m [2m---[0;39m [2m[nio-9999-exec-1][0;39m [36mc.p.aptmoa.controller.NoticeController  [0;39m [2m:[0;39m retrieveNews - 호출
[2m2022-05-21 22:30:33.857[0;39m [32mDEBUG[0;39m [35m33784[0;39m [2m---[0;39m [2m[nio-9999-exec-2][0;39m [36mc.p.aptmoa.controller.NoticeController  [0;39m [2m:[0;39m retrieveNews - 호출
[2m2022-05-21 22:30:40.046[0;39m [32mDEBUG[0;39m [35m33784[0;39m [2m---[0;39m [2m[nio-9999-exec-4][0;39m [36mc.p.aptmoa.controller.NoticeController  [0;39m [2m:[0;39m retrieveNews - 호출
[2m2022-05-21 22:30:57.380[0;39m [32mDEBUG[0;39m [35m33784[0;39m [2m---[0;39m [2m[nio-9999-exec-3][0;39m [36mc.p.aptmoa.controller.NoticeController  [0;39m [2m:[0;39m retrieveNews - 호출
[2m2022-05-21 22:31:12.465[0;39m [32mDEBUG[0;39m [35m33784[0;39m [2m---[0;39m [2m[nio-9999-exec-5][0;39m [36mc.p.aptmoa.controller.NoticeController  [0;39m [2m:[0;39m retrieveNews - 호출
[2m2022-05-21 22:32:25.258[0;39m [32mDEBUG[0;39m [35m33784[0;39m [2m---[0;39m [2m[nio-9999-exec-7][0;39m [36mc.p.aptmoa.controller.NoticeController  [0;39m [2m:[0;39m retrieveNews - 호출
[2m2022-05-21 22:33:42.598[0;39m [32mDEBUG[0;39m [35m33784[0;39m [2m---[0;39m [2m[io-9999-exec-10][0;39m [36mc.p.aptmoa.controller.NoticeController  [0;39m [2m:[0;39m detailNews - 호출
[2m2022-05-21 22:33:48.717[0;39m [32mDEBUG[0;39m [35m33784[0;39m [2m---[0;39m [2m[nio-9999-exec-9][0;39m [36mc.p.aptmoa.controller.NoticeController  [0;39m [2m:[0;39m retrieveNews - 호출
[2m2022-05-21 22:34:54.258[0;39m [32mDEBUG[0;39m [35m33784[0;39m [2m---[0;39m [2m[nio-9999-exec-2][0;39m [36mc.p.aptmoa.controller.NoticeController  [0;39m [2m:[0;39m retrieveNews - 호출
[2m2022-05-21 22:34:54.884[0;39m [32mDEBUG[0;39m [35m33784[0;39m [2m---[0;39m [2m[nio-9999-exec-4][0;39m [36mc.p.aptmoa.controller.NoticeController  [0;39m [2m:[0;39m detailNews - 호출
[2m2022-05-21 22:35:19.496[0;39m [32mDEBUG[0;39m [35m33784[0;39m [2m---[0;39m [2m[nio-9999-exec-3][0;39m [36mc.p.aptmoa.controller.NoticeController  [0;39m [2m:[0;39m detailNews - 호출
[2m2022-05-21 22:35:23.251[0;39m [32mDEBUG[0;39m [35m33784[0;39m [2m---[0;39m [2m[nio-9999-exec-5][0;39m [36mc.p.aptmoa.controller.NoticeController  [0;39m [2m:[0;39m detailNews - 호출
[2m2022-05-21 22:35:57.245[0;39m [32mDEBUG[0;39m [35m33784[0;39m [2m---[0;39m [2m[nio-9999-exec-6][0;39m [36mc.p.aptmoa.controller.NoticeController  [0;39m [2m:[0;39m retrieveNews - 호출
[2m2022-05-21 22:35:58.111[0;39m [32mDEBUG[0;39m [35m33784[0;39m [2m---[0;39m [2m[nio-9999-exec-7][0;39m [36mc.p.aptmoa.controller.NoticeController  [0;39m [2m:[0;39m detailNews - 호출
[2m2022-05-21 22:35:58.666[0;39m [32mDEBUG[0;39m [35m33784[0;39m [2m---[0;39m [2m[nio-9999-exec-8][0;39m [36mc.p.aptmoa.controller.NoticeController  [0;39m [2m:[0;39m retrieveNews - 호출
[2m2022-05-21 22:36:10.758[0;39m [32mDEBUG[0;39m [35m33784[0;39m [2m---[0;39m [2m[io-9999-exec-10][0;39m [36mc.p.aptmoa.controller.NoticeController  [0;39m [2m:[0;39m detailNews - 호출
[2m2022-05-21 22:37:16.951[0;39m [32mDEBUG[0;39m [35m33784[0;39m [2m---[0;39m [2m[nio-9999-exec-1][0;39m [36mc.p.aptmoa.controller.NoticeController  [0;39m [2m:[0;39m detailNews - 호출
[2m2022-05-21 22:37:16.967[0;39m [32mDEBUG[0;39m [35m33784[0;39m [2m---[0;39m [2m[nio-9999-exec-2][0;39m [36mc.p.aptmoa.controller.NoticeController  [0;39m [2m:[0;39m detailNews - 호출
[2m2022-05-21 22:37:25.957[0;39m [32mDEBUG[0;39m [35m33784[0;39m [2m---[0;39m [2m[nio-9999-exec-4][0;39m [36mc.p.aptmoa.controller.NoticeController  [0;39m [2m:[0;39m detailNews - 호출
[2m2022-05-21 22:37:32.030[0;39m [32mDEBUG[0;39m [35m33784[0;39m [2m---[0;39m [2m[nio-9999-exec-3][0;39m [36mc.p.aptmoa.controller.NoticeController  [0;39m [2m:[0;39m detailNews - 호출
[2m2022-05-21 22:38:39.154[0;39m [32mDEBUG[0;39m [35m33784[0;39m [2m---[0;39m [2m[nio-9999-exec-6][0;39m [36mc.p.aptmoa.controller.NoticeController  [0;39m [2m:[0;39m detailNews - 호출
[2m2022-05-21 22:38:39.168[0;39m [32mDEBUG[0;39m [35m33784[0;39m [2m---[0;39m [2m[nio-9999-exec-7][0;39m [36mc.p.aptmoa.controller.NoticeController  [0;39m [2m:[0;39m detailNews - 호출
[2m2022-05-21 22:38:39.280[0;39m [32mDEBUG[0;39m [35m33784[0;39m [2m---[0;39m [2m[nio-9999-exec-8][0;39m [36mc.p.aptmoa.controller.NoticeController  [0;39m [2m:[0;39m detailNews - 호출
[2m2022-05-21 22:38:39.300[0;39m [32mDEBUG[0;39m [35m33784[0;39m [2m---[0;39m [2m[io-9999-exec-10][0;39m [36mc.p.aptmoa.controller.NoticeController  [0;39m [2m:[0;39m detailNews - 호출
[2m2022-05-21 22:38:39.316[0;39m [32mDEBUG[0;39m [35m33784[0;39m [2m---[0;39m [2m[nio-9999-exec-9][0;39m [36mc.p.aptmoa.controller.NoticeController  [0;39m [2m:[0;39m detailNews - 호출
[2m2022-05-21 22:40:02.410[0;39m [32mDEBUG[0;39m [35m33784[0;39m [2m---[0;39m [2m[nio-9999-exec-2][0;39m [36mc.p.aptmoa.controller.NoticeController  [0;39m [2m:[0;39m retrieveNews - 호출
[2m2022-05-21 22:40:02.977[0;39m [32mDEBUG[0;39m [35m33784[0;39m [2m---[0;39m [2m[nio-9999-exec-4][0;39m [36mc.p.aptmoa.controller.NoticeController  [0;39m [2m:[0;39m detailNews - 호출
[2m2022-05-21 22:40:14.307[0;39m [32mDEBUG[0;39m [35m33784[0;39m [2m---[0;39m [2m[nio-9999-exec-3][0;39m [36mc.p.aptmoa.controller.NoticeController  [0;39m [2m:[0;39m detailNews - 호출
[2m2022-05-21 22:40:14.361[0;39m [32mDEBUG[0;39m [35m33784[0;39m [2m---[0;39m [2m[nio-9999-exec-5][0;39m [36mc.p.aptmoa.controller.NoticeController  [0;39m [2m:[0;39m detailNews - 호출
[2m2022-05-21 22:40:14.415[0;39m [32mDEBUG[0;39m [35m33784[0;39m [2m---[0;39m [2m[nio-9999-exec-6][0;39m [36mc.p.aptmoa.controller.NoticeController  [0;39m [2m:[0;39m detailNews - 호출
[2m2022-05-21 22:40:14.433[0;39m [32mDEBUG[0;39m [35m33784[0;39m [2m---[0;39m [2m[nio-9999-exec-7][0;39m [36mc.p.aptmoa.controller.NoticeController  [0;39m [2m:[0;39m detailNews - 호출
[2m2022-05-21 22:40:14.443[0;39m [32mDEBUG[0;39m [35m33784[0;39m [2m---[0;39m [2m[nio-9999-exec-8][0;39m [36mc.p.aptmoa.controller.NoticeController  [0;39m [2m:[0;39m detailNews - 호출
[2m2022-05-21 22:40:15.977[0;39m [32mDEBUG[0;39m [35m33784[0;39m [2m---[0;39m [2m[io-9999-exec-10][0;39m [36mc.p.aptmoa.controller.NoticeController  [0;39m [2m:[0;39m retrieveNews - 호출
[2m2022-05-21 22:40:16.742[0;39m [32mDEBUG[0;39m [35m33784[0;39m [2m---[0;39m [2m[nio-9999-exec-9][0;39m [36mc.p.aptmoa.controller.NoticeController  [0;39m [2m:[0;39m detailNews - 호출
[2m2022-05-21 22:40:18.408[0;39m [32mDEBUG[0;39m [35m33784[0;39m [2m---[0;39m [2m[nio-9999-exec-1][0;39m [36mc.p.aptmoa.controller.NoticeController  [0;39m [2m:[0;39m retrieveNews - 호출
[2m2022-05-21 22:40:19.076[0;39m [32mDEBUG[0;39m [35m33784[0;39m [2m---[0;39m [2m[nio-9999-exec-2][0;39m [36mc.p.aptmoa.controller.NoticeController  [0;39m [2m:[0;39m detailNews - 호출
[2m2022-05-21 22:40:25.007[0;39m [32mDEBUG[0;39m [35m33784[0;39m [2m---[0;39m [2m[nio-9999-exec-4][0;39m [36mc.p.aptmoa.controller.NoticeController  [0;39m [2m:[0;39m retrieveNews - 호출
[2m2022-05-21 22:40:25.817[0;39m [32mDEBUG[0;39m [35m33784[0;39m [2m---[0;39m [2m[nio-9999-exec-3][0;39m [36mc.p.aptmoa.controller.NoticeController  [0;39m [2m:[0;39m detailNews - 호출
[2m2022-05-21 22:40:26.864[0;39m [32mDEBUG[0;39m [35m33784[0;39m [2m---[0;39m [2m[nio-9999-exec-5][0;39m [36mc.p.aptmoa.controller.NoticeController  [0;39m [2m:[0;39m retrieveNews - 호출
[2m2022-05-21 22:40:28.511[0;39m [32mDEBUG[0;39m [35m33784[0;39m [2m---[0;39m [2m[nio-9999-exec-6][0;39m [36mc.p.aptmoa.controller.NoticeController  [0;39m [2m:[0;39m retrieveNotice - 호출
[2m2022-05-21 22:40:29.453[0;39m [32mDEBUG[0;39m [35m33784[0;39m [2m---[0;39m [2m[nio-9999-exec-7][0;39m [36mc.p.aptmoa.controller.NoticeController  [0;39m [2m:[0;39m detailNotice - 호출
[2m2022-05-21 22:40:31.119[0;39m [32mDEBUG[0;39m [35m33784[0;39m [2m---[0;39m [2m[nio-9999-exec-8][0;39m [36mc.p.aptmoa.controller.NoticeController  [0;39m [2m:[0;39m retrieveNews - 호출
[2m2022-05-21 22:40:34.497[0;39m [32mDEBUG[0;39m [35m33784[0;39m [2m---[0;39m [2m[io-9999-exec-10][0;39m [36mc.p.aptmoa.controller.NoticeController  [0;39m [2m:[0;39m detailNews - 호출
[2m2022-05-21 22:40:39.293[0;39m [32mDEBUG[0;39m [35m33784[0;39m [2m---[0;39m [2m[nio-9999-exec-9][0;39m [36mc.p.aptmoa.controller.NoticeController  [0;39m [2m:[0;39m detailNews - 호출
[2m2022-05-21 22:40:41.418[0;39m [32mDEBUG[0;39m [35m33784[0;39m [2m---[0;39m [2m[nio-9999-exec-1][0;39m [36mc.p.aptmoa.controller.NoticeController  [0;39m [2m:[0;39m retrieveNews - 호출
[2m2022-05-21 22:40:42.064[0;39m [32mDEBUG[0;39m [35m33784[0;39m [2m---[0;39m [2m[nio-9999-exec-2][0;39m [36mc.p.aptmoa.controller.NoticeController  [0;39m [2m:[0;39m detailNews - 호출
[2m2022-05-21 22:40:43.028[0;39m [32mDEBUG[0;39m [35m33784[0;39m [2m---[0;39m [2m[nio-9999-exec-4][0;39m [36mc.p.aptmoa.controller.NoticeController  [0;39m [2m:[0;39m retrieveNews - 호출
[2m2022-05-21 22:40:44.842[0;39m [32mDEBUG[0;39m [35m33784[0;39m [2m---[0;39m [2m[nio-9999-exec-3][0;39m [36mc.p.aptmoa.controller.NoticeController  [0;39m [2m:[0;39m detailNews - 호출
[2m2022-05-21 22:40:46.104[0;39m [32mDEBUG[0;39m [35m33784[0;39m [2m---[0;39m [2m[nio-9999-exec-5][0;39m [36mc.p.aptmoa.controller.NoticeController  [0;39m [2m:[0;39m retrieveNews - 호출
[2m2022-05-21 22:40:53.401[0;39m [32mDEBUG[0;39m [35m33784[0;39m [2m---[0;39m [2m[nio-9999-exec-7][0;39m [36mc.p.aptmoa.controller.NoticeController  [0;39m [2m:[0;39m retrieveNews - 호출
[2m2022-05-21 22:41:08.351[0;39m [32mDEBUG[0;39m [35m33784[0;39m [2m---[0;39m [2m[nio-9999-exec-8][0;39m [36mc.p.aptmoa.controller.NoticeController  [0;39m [2m:[0;39m retrieveNews - 호출
[2m2022-05-21 22:41:42.495[0;39m [32mDEBUG[0;39m [35m33784[0;39m [2m---[0;39m [2m[io-9999-exec-10][0;39m [36mc.p.aptmoa.controller.NoticeController  [0;39m [2m:[0;39m retrieveNews - 호출
[2m2022-05-21 22:41:55.863[0;39m [32mDEBUG[0;39m [35m33784[0;39m [2m---[0;39m [2m[nio-9999-exec-9][0;39m [36mc.p.aptmoa.controller.NoticeController  [0;39m [2m:[0;39m retrieveNews - 호출
[2m2022-05-21 22:42:02.490[0;39m [32mDEBUG[0;39m [35m33784[0;39m [2m---[0;39m [2m[nio-9999-exec-1][0;39m [36mc.p.aptmoa.controller.NoticeController  [0;39m [2m:[0;39m retrieveNews - 호출
[2m2022-05-21 22:42:06.565[0;39m [32mDEBUG[0;39m [35m33784[0;39m [2m---[0;39m [2m[nio-9999-exec-2][0;39m [36mc.p.aptmoa.controller.NoticeController  [0;39m [2m:[0;39m retrieveNews - 호출
[2m2022-05-21 22:42:34.533[0;39m [32mDEBUG[0;39m [35m33784[0;39m [2m---[0;39m [2m[nio-9999-exec-4][0;39m [36mc.p.aptmoa.controller.NoticeController  [0;39m [2m:[0;39m retrieveNews - 호출
[2m2022-05-21 22:42:35.396[0;39m [32mDEBUG[0;39m [35m33784[0;39m [2m---[0;39m [2m[nio-9999-exec-3][0;39m [36mc.p.aptmoa.controller.NoticeController  [0;39m [2m:[0;39m retrieveNotice - 호출
[2m2022-05-21 22:42:36.262[0;39m [32mDEBUG[0;39m [35m33784[0;39m [2m---[0;39m [2m[nio-9999-exec-5][0;39m [36mcom.pjt.aptmoa.controller.QnaController [0;39m [2m:[0;39m retrieveQna - 호출
[2m2022-05-21 22:42:37.150[0;39m [32mDEBUG[0;39m [35m33784[0;39m [2m---[0;39m [2m[nio-9999-exec-6][0;39m [36mc.p.aptmoa.controller.NoticeController  [0;39m [2m:[0;39m retrieveNotice - 호출
[2m2022-05-21 22:42:38.864[0;39m [32mDEBUG[0;39m [35m33784[0;39m [2m---[0;39m [2m[nio-9999-exec-7][0;39m [36mcom.pjt.aptmoa.controller.QnaController [0;39m [2m:[0;39m retrieveQna - 호출
[2m2022-05-21 22:42:41.894[0;39m [32mDEBUG[0;39m [35m33784[0;39m [2m---[0;39m [2m[nio-9999-exec-8][0;39m [36mc.p.aptmoa.controller.NoticeController  [0;39m [2m:[0;39m retrieveNews - 호출
[2m2022-05-21 22:42:43.446[0;39m [32mDEBUG[0;39m [35m33784[0;39m [2m---[0;39m [2m[io-9999-exec-10][0;39m [36mc.p.aptmoa.controller.NoticeController  [0;39m [2m:[0;39m detailNews - 호출
[2m2022-05-21 22:42:44.546[0;39m [32mDEBUG[0;39m [35m33784[0;39m [2m---[0;39m [2m[nio-9999-exec-9][0;39m [36mc.p.aptmoa.controller.NoticeController  [0;39m [2m:[0;39m retrieveNews - 호출
[2m2022-05-21 22:42:45.227[0;39m [32mDEBUG[0;39m [35m33784[0;39m [2m---[0;39m [2m[nio-9999-exec-1][0;39m [36mc.p.aptmoa.controller.NoticeController  [0;39m [2m:[0;39m detailNews - 호출
[2m2022-05-21 22:42:46.553[0;39m [32mDEBUG[0;39m [35m33784[0;39m [2m---[0;39m [2m[nio-9999-exec-2][0;39m [36mc.p.aptmoa.controller.NoticeController  [0;39m [2m:[0;39m retrieveNews - 호출
[2m2022-05-21 22:42:47.287[0;39m [32mDEBUG[0;39m [35m33784[0;39m [2m---[0;39m [2m[nio-9999-exec-4][0;39m [36mc.p.aptmoa.controller.NoticeController  [0;39m [2m:[0;39m detailNews - 호출
[2m2022-05-21 22:42:47.749[0;39m [32mDEBUG[0;39m [35m33784[0;39m [2m---[0;39m [2m[nio-9999-exec-3][0;39m [36mc.p.aptmoa.controller.NoticeController  [0;39m [2m:[0;39m retrieveNews - 호출
[2m2022-05-21 22:43:20.021[0;39m [32mDEBUG[0;39m [35m33784[0;39m [2m---[0;39m [2m[nio-9999-exec-5][0;39m [36mc.p.aptmoa.controller.NoticeController  [0;39m [2m:[0;39m retrieveNews - 호출
[2m2022-05-21 22:45:07.468[0;39m [32mDEBUG[0;39m [35m33784[0;39m [2m---[0;39m [2m[nio-9999-exec-7][0;39m [36mc.p.aptmoa.controller.NoticeController  [0;39m [2m:[0;39m retrieveNews - 호출
[2m2022-05-21 23:06:29.838[0;39m [32mDEBUG[0;39m [35m33784[0;39m [2m---[0;39m [2m[io-9999-exec-10][0;39m [36mc.p.aptmoa.controller.NoticeController  [0;39m [2m:[0;39m retrieveNews - 호출
[2m2022-05-21 23:06:32.357[0;39m [32mDEBUG[0;39m [35m33784[0;39m [2m---[0;39m [2m[nio-9999-exec-9][0;39m [36mc.p.aptmoa.controller.NoticeController  [0;39m [2m:[0;39m detailNews - 호출
[2m2022-05-21 23:06:34.340[0;39m [32mDEBUG[0;39m [35m33784[0;39m [2m---[0;39m [2m[nio-9999-exec-1][0;39m [36mc.p.aptmoa.controller.NoticeController  [0;39m [2m:[0;39m retrieveNews - 호출
[2m2022-05-21 23:06:46.785[0;39m [32mDEBUG[0;39m [35m33784[0;39m [2m---[0;39m [2m[nio-9999-exec-2][0;39m [36mc.p.aptmoa.controller.NoticeController  [0;39m [2m:[0;39m retrieveNotice - 호출
[2m2022-05-21 23:06:48.810[0;39m [32mDEBUG[0;39m [35m33784[0;39m [2m---[0;39m [2m[nio-9999-exec-4][0;39m [36mc.p.aptmoa.controller.NoticeController  [0;39m [2m:[0;39m detailNotice - 호출
[2m2022-05-21 23:06:50.064[0;39m [32mDEBUG[0;39m [35m33784[0;39m [2m---[0;39m [2m[nio-9999-exec-3][0;39m [36mc.p.aptmoa.controller.NoticeController  [0;39m [2m:[0;39m retrieveNotice - 호출
[2m2022-05-21 23:06:50.752[0;39m [32mDEBUG[0;39m [35m33784[0;39m [2m---[0;39m [2m[nio-9999-exec-5][0;39m [36mc.p.aptmoa.controller.NoticeController  [0;39m [2m:[0;39m detailNotice - 호출
[2m2022-05-21 23:06:51.261[0;39m [32mDEBUG[0;39m [35m33784[0;39m [2m---[0;39m [2m[nio-9999-exec-6][0;39m [36mc.p.aptmoa.controller.NoticeController  [0;39m [2m:[0;39m retrieveNotice - 호출
[2m2022-05-21 23:06:53.820[0;39m [32mDEBUG[0;39m [35m33784[0;39m [2m---[0;39m [2m[nio-9999-exec-7][0;39m [36mcom.pjt.aptmoa.controller.QnaController [0;39m [2m:[0;39m retrieveQna - 호출
[2m2022-05-21 23:06:54.411[0;39m [32mDEBUG[0;39m [35m33784[0;39m [2m---[0;39m [2m[nio-9999-exec-8][0;39m [36mc.p.aptmoa.controller.NoticeController  [0;39m [2m:[0;39m retrieveNotice - 호출
[2m2022-05-21 23:06:54.926[0;39m [32mDEBUG[0;39m [35m33784[0;39m [2m---[0;39m [2m[io-9999-exec-10][0;39m [36mc.p.aptmoa.controller.NoticeController  [0;39m [2m:[0;39m retrieveNews - 호출
[2m2022-05-21 23:07:00.243[0;39m [32mDEBUG[0;39m [35m33784[0;39m [2m---[0;39m [2m[nio-9999-exec-2][0;39m [36mc.p.aptmoa.controller.NoticeController  [0;39m [2m:[0;39m retrieveNews - 호출
[2m2022-05-21 23:07:00.723[0;39m [32mDEBUG[0;39m [35m33784[0;39m [2m---[0;39m [2m[nio-9999-exec-4][0;39m [36mc.p.aptmoa.controller.NoticeController  [0;39m [2m:[0;39m retrieveNotice - 호출
[2m2022-05-21 23:07:01.335[0;39m [32mDEBUG[0;39m [35m33784[0;39m [2m---[0;39m [2m[nio-9999-exec-3][0;39m [36mcom.pjt.aptmoa.controller.QnaController [0;39m [2m:[0;39m retrieveQna - 호출
[2m2022-05-21 23:07:02.896[0;39m [32mDEBUG[0;39m [35m33784[0;39m [2m---[0;39m [2m[nio-9999-exec-6][0;39m [36mc.p.aptmoa.controller.NoticeController  [0;39m [2m:[0;39m retrieveNews - 호출
[2m2022-05-21 23:07:05.997[0;39m [32mDEBUG[0;39m [35m33784[0;39m [2m---[0;39m [2m[io-9999-exec-10][0;39m [36mc.p.aptmoa.controller.NoticeController  [0;39m [2m:[0;39m retrieveNews - 호출
[2m2022-05-21 23:07:06.527[0;39m [32mDEBUG[0;39m [35m33784[0;39m [2m---[0;39m [2m[nio-9999-exec-9][0;39m [36mc.p.aptmoa.controller.NoticeController  [0;39m [2m:[0;39m retrieveNotice - 호출
[2m2022-05-21 23:07:07.062[0;39m [32mDEBUG[0;39m [35m33784[0;39m [2m---[0;39m [2m[nio-9999-exec-1][0;39m [36mc.p.aptmoa.controller.NoticeController  [0;39m [2m:[0;39m retrieveNews - 호출
[2m2022-05-21 23:07:10.279[0;39m [32mDEBUG[0;39m [35m33784[0;39m [2m---[0;39m [2m[nio-9999-exec-2][0;39m [36mc.p.aptmoa.controller.NoticeController  [0;39m [2m:[0;39m detailNews - 호출
[2m2022-05-21 23:07:16.420[0;39m [32mDEBUG[0;39m [35m33784[0;39m [2m---[0;39m [2m[nio-9999-exec-4][0;39m [36mc.p.aptmoa.controller.NoticeController  [0;39m [2m:[0;39m retrieveNews - 호출
[2m2022-05-21 23:44:00.661[0;39m [32m INFO[0;39m [35m33784[0;39m [2m---[0;39m [2m[(137)-127.0.0.1][0;39m [36minMXBeanRegistrar$SpringApplicationAdmin[0;39m [2m:[0;39m Application shutdown requested.
