[2m2022-05-21 00:55:33.792[0;39m [32m INFO[0;39m [35m10544[0;39m [2m---[0;39m [2m[  restartedMain][0;39m [36m.e.DevToolsPropertyDefaultsPostProcessor[0;39m [2m:[0;39m Devtools property defaults active! Set 'spring.devtools.add-properties' to 'false' to disable
[2m2022-05-21 00:55:33.797[0;39m [32m INFO[0;39m [35m10544[0;39m [2m---[0;39m [2m[  restartedMain][0;39m [36m.e.DevToolsPropertyDefaultsPostProcessor[0;39m [2m:[0;39m For additional web related logging consider setting the 'logging.level.web' property to 'DEBUG'
[2m2022-05-21 00:55:35.137[0;39m [32m INFO[0;39m [35m10544[0;39m [2m---[0;39m [2m[  restartedMain][0;39m [36mo.s.b.w.embedded.tomcat.TomcatWebServer [0;39m [2m:[0;39m Tomcat initialized with port(s): 9999 (http)
[2m2022-05-21 00:55:35.318[0;39m [32m INFO[0;39m [35m10544[0;39m [2m---[0;39m [2m[  restartedMain][0;39m [36mw.s.c.ServletWebServerApplicationContext[0;39m [2m:[0;39m Root WebApplicationContext: initialization completed in 1521 ms
[2m2022-05-21 00:55:36.087[0;39m [32m INFO[0;39m [35m10544[0;39m [2m---[0;39m [2m[  restartedMain][0;39m [36mo.s.b.d.a.OptionalLiveReloadServer      [0;39m [2m:[0;39m LiveReload server is running on port 35729
[2m2022-05-21 00:55:36.280[0;39m [32m INFO[0;39m [35m10544[0;39m [2m---[0;39m [2m[  restartedMain][0;39m [36mo.s.b.w.embedded.tomcat.TomcatWebServer [0;39m [2m:[0;39m Tomcat started on port(s): 9999 (http) with context path '/aptmoa'
[2m2022-05-21 01:01:47.907[0;39m [32m INFO[0;39m [35m10544[0;39m [2m---[0;39m [2m[  restartedMain][0;39m [36mo.s.b.w.embedded.tomcat.TomcatWebServer [0;39m [2m:[0;39m Tomcat initialized with port(s): 9999 (http)
[2m2022-05-21 01:01:47.953[0;39m [32m INFO[0;39m [35m10544[0;39m [2m---[0;39m [2m[  restartedMain][0;39m [36mw.s.c.ServletWebServerApplicationContext[0;39m [2m:[0;39m Root WebApplicationContext: initialization completed in 351 ms
[2m2022-05-21 01:01:48.126[0;39m [32m INFO[0;39m [35m10544[0;39m [2m---[0;39m [2m[  restartedMain][0;39m [36mo.s.b.d.a.OptionalLiveReloadServer      [0;39m [2m:[0;39m LiveReload server is running on port 35729
[2m2022-05-21 01:01:48.163[0;39m [32m INFO[0;39m [35m10544[0;39m [2m---[0;39m [2m[  restartedMain][0;39m [36mo.s.b.w.embedded.tomcat.TomcatWebServer [0;39m [2m:[0;39m Tomcat started on port(s): 9999 (http) with context path '/aptmoa'
[2m2022-05-21 01:01:48.262[0;39m [32m INFO[0;39m [35m10544[0;39m [2m---[0;39m [2m[  restartedMain][0;39m [36m.ConditionEvaluationDeltaLoggingListener[0;39m [2m:[0;39m Condition evaluation unchanged
[2m2022-05-21 01:03:39.171[0;39m [32m INFO[0;39m [35m10544[0;39m [2m---[0;39m [2m[  restartedMain][0;39m [36mo.s.b.w.embedded.tomcat.TomcatWebServer [0;39m [2m:[0;39m Tomcat initialized with port(s): 9999 (http)
[2m2022-05-21 01:03:39.222[0;39m [32m INFO[0;39m [35m10544[0;39m [2m---[0;39m [2m[  restartedMain][0;39m [36mw.s.c.ServletWebServerApplicationContext[0;39m [2m:[0;39m Root WebApplicationContext: initialization completed in 370 ms
[2m2022-05-21 01:03:39.379[0;39m [32m INFO[0;39m [35m10544[0;39m [2m---[0;39m [2m[  restartedMain][0;39m [36mo.s.b.d.a.OptionalLiveReloadServer      [0;39m [2m:[0;39m LiveReload server is running on port 35729
[2m2022-05-21 01:03:39.415[0;39m [32m INFO[0;39m [35m10544[0;39m [2m---[0;39m [2m[  restartedMain][0;39m [36mo.s.b.w.embedded.tomcat.TomcatWebServer [0;39m [2m:[0;39m Tomcat started on port(s): 9999 (http) with context path '/aptmoa'
[2m2022-05-21 01:03:39.494[0;39m [32m INFO[0;39m [35m10544[0;39m [2m---[0;39m [2m[  restartedMain][0;39m [36m.ConditionEvaluationDeltaLoggingListener[0;39m [2m:[0;39m Condition evaluation unchanged
[2m2022-05-21 01:07:29.190[0;39m [32m INFO[0;39m [35m10544[0;39m [2m---[0;39m [2m[  restartedMain][0;39m [36mo.s.b.w.embedded.tomcat.TomcatWebServer [0;39m [2m:[0;39m Tomcat initialized with port(s): 9999 (http)
[2m2022-05-21 01:07:29.238[0;39m [32m INFO[0;39m [35m10544[0;39m [2m---[0;39m [2m[  restartedMain][0;39m [36mw.s.c.ServletWebServerApplicationContext[0;39m [2m:[0;39m Root WebApplicationContext: initialization completed in 354 ms
[2m2022-05-21 01:07:29.374[0;39m [32m INFO[0;39m [35m10544[0;39m [2m---[0;39m [2m[  restartedMain][0;39m [36mo.s.b.d.a.OptionalLiveReloadServer      [0;39m [2m:[0;39m LiveReload server is running on port 35729
[2m2022-05-21 01:07:29.413[0;39m [32m INFO[0;39m [35m10544[0;39m [2m---[0;39m [2m[  restartedMain][0;39m [36mo.s.b.w.embedded.tomcat.TomcatWebServer [0;39m [2m:[0;39m Tomcat started on port(s): 9999 (http) with context path '/aptmoa'
[2m2022-05-21 01:07:29.495[0;39m [32m INFO[0;39m [35m10544[0;39m [2m---[0;39m [2m[  restartedMain][0;39m [36m.ConditionEvaluationDeltaLoggingListener[0;39m [2m:[0;39m Condition evaluation unchanged
[2m2022-05-21 01:17:00.829[0;39m [32m INFO[0;39m [35m10544[0;39m [2m---[0;39m [2m[  restartedMain][0;39m [36mo.s.b.w.embedded.tomcat.TomcatWebServer [0;39m [2m:[0;39m Tomcat initialized with port(s): 9999 (http)
[2m2022-05-21 01:17:00.876[0;39m [32m INFO[0;39m [35m10544[0;39m [2m---[0;39m [2m[  restartedMain][0;39m [36mw.s.c.ServletWebServerApplicationContext[0;39m [2m:[0;39m Root WebApplicationContext: initialization completed in 402 ms
[2m2022-05-21 01:17:01.026[0;39m [32m INFO[0;39m [35m10544[0;39m [2m---[0;39m [2m[  restartedMain][0;39m [36mo.s.b.d.a.OptionalLiveReloadServer      [0;39m [2m:[0;39m LiveReload server is running on port 35729
[2m2022-05-21 01:17:01.066[0;39m [32m INFO[0;39m [35m10544[0;39m [2m---[0;39m [2m[  restartedMain][0;39m [36mo.s.b.w.embedded.tomcat.TomcatWebServer [0;39m [2m:[0;39m Tomcat started on port(s): 9999 (http) with context path '/aptmoa'
[2m2022-05-21 01:17:01.142[0;39m [32m INFO[0;39m [35m10544[0;39m [2m---[0;39m [2m[  restartedMain][0;39m [36m.ConditionEvaluationDeltaLoggingListener[0;39m [2m:[0;39m Condition evaluation unchanged
[2m2022-05-21 01:21:54.423[0;39m [32m INFO[0;39m [35m10544[0;39m [2m---[0;39m [2m[  restartedMain][0;39m [36mo.s.b.w.embedded.tomcat.TomcatWebServer [0;39m [2m:[0;39m Tomcat initialized with port(s): 9999 (http)
[2m2022-05-21 01:21:54.462[0;39m [32m INFO[0;39m [35m10544[0;39m [2m---[0;39m [2m[  restartedMain][0;39m [36mw.s.c.ServletWebServerApplicationContext[0;39m [2m:[0;39m Root WebApplicationContext: initialization completed in 381 ms
[2m2022-05-21 01:21:54.582[0;39m [32m INFO[0;39m [35m10544[0;39m [2m---[0;39m [2m[  restartedMain][0;39m [36mo.s.b.d.a.OptionalLiveReloadServer      [0;39m [2m:[0;39m LiveReload server is running on port 35729
[2m2022-05-21 01:21:54.623[0;39m [32m INFO[0;39m [35m10544[0;39m [2m---[0;39m [2m[  restartedMain][0;39m [36mo.s.b.w.embedded.tomcat.TomcatWebServer [0;39m [2m:[0;39m Tomcat started on port(s): 9999 (http) with context path '/aptmoa'
[2m2022-05-21 01:21:54.701[0;39m [32m INFO[0;39m [35m10544[0;39m [2m---[0;39m [2m[  restartedMain][0;39m [36m.ConditionEvaluationDeltaLoggingListener[0;39m [2m:[0;39m Condition evaluation unchanged
[2m2022-05-21 01:24:12.074[0;39m [32m INFO[0;39m [35m10544[0;39m [2m---[0;39m [2m[  restartedMain][0;39m [36mo.s.b.w.embedded.tomcat.TomcatWebServer [0;39m [2m:[0;39m Tomcat initialized with port(s): 9999 (http)
[2m2022-05-21 01:24:12.118[0;39m [32m INFO[0;39m [35m10544[0;39m [2m---[0;39m [2m[  restartedMain][0;39m [36mw.s.c.ServletWebServerApplicationContext[0;39m [2m:[0;39m Root WebApplicationContext: initialization completed in 351 ms
[2m2022-05-21 01:24:12.236[0;39m [32m INFO[0;39m [35m10544[0;39m [2m---[0;39m [2m[  restartedMain][0;39m [36mo.s.b.d.a.OptionalLiveReloadServer      [0;39m [2m:[0;39m LiveReload server is running on port 35729
[2m2022-05-21 01:24:12.272[0;39m [32m INFO[0;39m [35m10544[0;39m [2m---[0;39m [2m[  restartedMain][0;39m [36mo.s.b.w.embedded.tomcat.TomcatWebServer [0;39m [2m:[0;39m Tomcat started on port(s): 9999 (http) with context path '/aptmoa'
[2m2022-05-21 01:24:12.348[0;39m [32m INFO[0;39m [35m10544[0;39m [2m---[0;39m [2m[  restartedMain][0;39m [36m.ConditionEvaluationDeltaLoggingListener[0;39m [2m:[0;39m Condition evaluation unchanged
[2m2022-05-21 01:28:16.470[0;39m [32m INFO[0;39m [35m10544[0;39m [2m---[0;39m [2m[  restartedMain][0;39m [36mo.s.b.w.embedded.tomcat.TomcatWebServer [0;39m [2m:[0;39m Tomcat initialized with port(s): 9999 (http)
[2m2022-05-21 01:28:16.531[0;39m [32m INFO[0;39m [35m10544[0;39m [2m---[0;39m [2m[  restartedMain][0;39m [36mw.s.c.ServletWebServerApplicationContext[0;39m [2m:[0;39m Root WebApplicationContext: initialization completed in 554 ms
[2m2022-05-21 01:28:16.700[0;39m [32m INFO[0;39m [35m10544[0;39m [2m---[0;39m [2m[  restartedMain][0;39m [36mo.s.b.d.a.OptionalLiveReloadServer      [0;39m [2m:[0;39m LiveReload server is running on port 35729
[2m2022-05-21 01:28:16.739[0;39m [32m INFO[0;39m [35m10544[0;39m [2m---[0;39m [2m[  restartedMain][0;39m [36mo.s.b.w.embedded.tomcat.TomcatWebServer [0;39m [2m:[0;39m Tomcat started on port(s): 9999 (http) with context path '/aptmoa'
[2m2022-05-21 01:28:16.866[0;39m [32m INFO[0;39m [35m10544[0;39m [2m---[0;39m [2m[  restartedMain][0;39m [36m.ConditionEvaluationDeltaLoggingListener[0;39m [2m:[0;39m Condition evaluation unchanged
[2m2022-05-21 01:28:19.857[0;39m [32m INFO[0;39m [35m10544[0;39m [2m---[0;39m [2m[  restartedMain][0;39m [36mo.s.b.w.embedded.tomcat.TomcatWebServer [0;39m [2m:[0;39m Tomcat initialized with port(s): 9999 (http)
[2m2022-05-21 01:28:19.901[0;39m [32m INFO[0;39m [35m10544[0;39m [2m---[0;39m [2m[  restartedMain][0;39m [36mw.s.c.ServletWebServerApplicationContext[0;39m [2m:[0;39m Root WebApplicationContext: initialization completed in 288 ms
[2m2022-05-21 01:28:20.012[0;39m [32m INFO[0;39m [35m10544[0;39m [2m---[0;39m [2m[  restartedMain][0;39m [36mo.s.b.d.a.OptionalLiveReloadServer      [0;39m [2m:[0;39m LiveReload server is running on port 35729
[2m2022-05-21 01:28:20.044[0;39m [32m INFO[0;39m [35m10544[0;39m [2m---[0;39m [2m[  restartedMain][0;39m [36mo.s.b.w.embedded.tomcat.TomcatWebServer [0;39m [2m:[0;39m Tomcat started on port(s): 9999 (http) with context path '/aptmoa'
[2m2022-05-21 01:28:20.101[0;39m [32m INFO[0;39m [35m10544[0;39m [2m---[0;39m [2m[  restartedMain][0;39m [36m.ConditionEvaluationDeltaLoggingListener[0;39m [2m:[0;39m Condition evaluation unchanged
[2m2022-05-21 01:28:26.187[0;39m [32m INFO[0;39m [35m10544[0;39m [2m---[0;39m [2m[  restartedMain][0;39m [36mo.s.b.w.embedded.tomcat.TomcatWebServer [0;39m [2m:[0;39m Tomcat initialized with port(s): 9999 (http)
[2m2022-05-21 01:28:26.232[0;39m [32m INFO[0;39m [35m10544[0;39m [2m---[0;39m [2m[  restartedMain][0;39m [36mw.s.c.ServletWebServerApplicationContext[0;39m [2m:[0;39m Root WebApplicationContext: initialization completed in 301 ms
[2m2022-05-21 01:28:26.346[0;39m [32m INFO[0;39m [35m10544[0;39m [2m---[0;39m [2m[  restartedMain][0;39m [36mo.s.b.d.a.OptionalLiveReloadServer      [0;39m [2m:[0;39m LiveReload server is running on port 35729
[2m2022-05-21 01:28:26.378[0;39m [32m INFO[0;39m [35m10544[0;39m [2m---[0;39m [2m[  restartedMain][0;39m [36mo.s.b.w.embedded.tomcat.TomcatWebServer [0;39m [2m:[0;39m Tomcat started on port(s): 9999 (http) with context path '/aptmoa'
[2m2022-05-21 01:28:26.441[0;39m [32m INFO[0;39m [35m10544[0;39m [2m---[0;39m [2m[  restartedMain][0;39m [36m.ConditionEvaluationDeltaLoggingListener[0;39m [2m:[0;39m Condition evaluation unchanged
[2m2022-05-21 01:30:05.050[0;39m [32m INFO[0;39m [35m10544[0;39m [2m---[0;39m [2m[  restartedMain][0;39m [36mo.s.b.w.embedded.tomcat.TomcatWebServer [0;39m [2m:[0;39m Tomcat initialized with port(s): 9999 (http)
[2m2022-05-21 01:30:05.089[0;39m [32m INFO[0;39m [35m10544[0;39m [2m---[0;39m [2m[  restartedMain][0;39m [36mw.s.c.ServletWebServerApplicationContext[0;39m [2m:[0;39m Root WebApplicationContext: initialization completed in 325 ms
[2m2022-05-21 01:30:05.207[0;39m [32m INFO[0;39m [35m10544[0;39m [2m---[0;39m [2m[  restartedMain][0;39m [36mo.s.b.d.a.OptionalLiveReloadServer      [0;39m [2m:[0;39m LiveReload server is running on port 35729
[2m2022-05-21 01:30:05.242[0;39m [32m INFO[0;39m [35m10544[0;39m [2m---[0;39m [2m[  restartedMain][0;39m [36mo.s.b.w.embedded.tomcat.TomcatWebServer [0;39m [2m:[0;39m Tomcat started on port(s): 9999 (http) with context path '/aptmoa'
[2m2022-05-21 01:30:05.298[0;39m [32m INFO[0;39m [35m10544[0;39m [2m---[0;39m [2m[  restartedMain][0;39m [36m.ConditionEvaluationDeltaLoggingListener[0;39m [2m:[0;39m Condition evaluation unchanged
[2m2022-05-21 01:30:26.886[0;39m [32m INFO[0;39m [35m10544[0;39m [2m---[0;39m [2m[  restartedMain][0;39m [36mo.s.b.w.embedded.tomcat.TomcatWebServer [0;39m [2m:[0;39m Tomcat initialized with port(s): 9999 (http)
[2m2022-05-21 01:30:26.922[0;39m [32m INFO[0;39m [35m10544[0;39m [2m---[0;39m [2m[  restartedMain][0;39m [36mw.s.c.ServletWebServerApplicationContext[0;39m [2m:[0;39m Root WebApplicationContext: initialization completed in 310 ms
[2m2022-05-21 01:30:27.034[0;39m [32m INFO[0;39m [35m10544[0;39m [2m---[0;39m [2m[  restartedMain][0;39m [36mo.s.b.d.a.OptionalLiveReloadServer      [0;39m [2m:[0;39m LiveReload server is running on port 35729
[2m2022-05-21 01:30:27.066[0;39m [32m INFO[0;39m [35m10544[0;39m [2m---[0;39m [2m[  restartedMain][0;39m [36mo.s.b.w.embedded.tomcat.TomcatWebServer [0;39m [2m:[0;39m Tomcat started on port(s): 9999 (http) with context path '/aptmoa'
[2m2022-05-21 01:30:27.120[0;39m [32m INFO[0;39m [35m10544[0;39m [2m---[0;39m [2m[  restartedMain][0;39m [36m.ConditionEvaluationDeltaLoggingListener[0;39m [2m:[0;39m Condition evaluation unchanged
[2m2022-05-21 01:33:34.395[0;39m [32m INFO[0;39m [35m10544[0;39m [2m---[0;39m [2m[  restartedMain][0;39m [36mo.s.b.w.embedded.tomcat.TomcatWebServer [0;39m [2m:[0;39m Tomcat initialized with port(s): 9999 (http)
[2m2022-05-21 01:33:34.435[0;39m [32m INFO[0;39m [35m10544[0;39m [2m---[0;39m [2m[  restartedMain][0;39m [36mw.s.c.ServletWebServerApplicationContext[0;39m [2m:[0;39m Root WebApplicationContext: initialization completed in 317 ms
[2m2022-05-21 01:33:34.547[0;39m [32m INFO[0;39m [35m10544[0;39m [2m---[0;39m [2m[  restartedMain][0;39m [36mo.s.b.d.a.OptionalLiveReloadServer      [0;39m [2m:[0;39m LiveReload server is running on port 35729
[2m2022-05-21 01:33:34.582[0;39m [32m INFO[0;39m [35m10544[0;39m [2m---[0;39m [2m[  restartedMain][0;39m [36mo.s.b.w.embedded.tomcat.TomcatWebServer [0;39m [2m:[0;39m Tomcat started on port(s): 9999 (http) with context path '/aptmoa'
[2m2022-05-21 01:33:34.636[0;39m [32m INFO[0;39m [35m10544[0;39m [2m---[0;39m [2m[  restartedMain][0;39m [36m.ConditionEvaluationDeltaLoggingListener[0;39m [2m:[0;39m Condition evaluation unchanged
[2m2022-05-21 01:40:38.265[0;39m [32m INFO[0;39m [35m10544[0;39m [2m---[0;39m [2m[nio-9999-exec-1][0;39m [36mo.s.web.servlet.DispatcherServlet       [0;39m [2m:[0;39m Initializing Servlet 'dispatcherServlet'
[2m2022-05-21 01:40:38.269[0;39m [32m INFO[0;39m [35m10544[0;39m [2m---[0;39m [2m[nio-9999-exec-1][0;39m [36mo.s.web.servlet.DispatcherServlet       [0;39m [2m:[0;39m Completed initialization in 2 ms
[2m2022-05-21 01:40:39.190[0;39m [32mDEBUG[0;39m [35m10544[0;39m [2m---[0;39m [2m[nio-9999-exec-2][0;39m [36mc.pjt.aptmoa.controller.UserController  [0;39m [2m:[0;39m 로그인 토큰정보 : eyJ0eXAiOiJKV1QiLCJyZWdEYXRlIjoxNjUzMDY0ODM5MTIxLCJhbGciOiJIUzI1NiJ9.eyJleHAiOjE2NTMwNjg0MzksInN1YiI6ImFjY2Vzcy10b2tlbiIsInVzZXJpZCI6InNzYWZ5In0.NGakkAPiqINyB3eJsJ-b5leXjwywqNSjpbGDYtzEi70
[2m2022-05-21 01:40:39.268[0;39m [32m INFO[0;39m [35m10544[0;39m [2m---[0;39m [2m[nio-9999-exec-4][0;39m [36mc.pjt.aptmoa.controller.UserController  [0;39m [2m:[0;39m 사용 가능한 토큰!!!
[2m2022-05-21 01:41:06.300[0;39m [32mDEBUG[0;39m [35m10544[0;39m [2m---[0;39m [2m[nio-9999-exec-7][0;39m [36mc.p.aptmoa.controller.NoticeController  [0;39m [2m:[0;39m retrieveNotice - 호출
[2m2022-05-21 01:41:10.645[0;39m [32mDEBUG[0;39m [35m10544[0;39m [2m---[0;39m [2m[nio-9999-exec-8][0;39m [36mc.p.aptmoa.controller.NoticeController  [0;39m [2m:[0;39m detailNotice - 호출
[2m2022-05-21 01:41:12.596[0;39m [32mDEBUG[0;39m [35m10544[0;39m [2m---[0;39m [2m[nio-9999-exec-9][0;39m [36mc.p.aptmoa.controller.NoticeController  [0;39m [2m:[0;39m retrieveNotice - 호출
[2m2022-05-21 01:41:13.944[0;39m [32mDEBUG[0;39m [35m10544[0;39m [2m---[0;39m [2m[io-9999-exec-10][0;39m [36mcom.pjt.aptmoa.controller.QnaController [0;39m [2m:[0;39m retrieveQna - 호출
[2m2022-05-21 01:41:15.542[0;39m [32mDEBUG[0;39m [35m10544[0;39m [2m---[0;39m [2m[nio-9999-exec-1][0;39m [36mc.p.aptmoa.controller.NoticeController  [0;39m [2m:[0;39m retrieveNotice - 호출
[2m2022-05-21 01:41:15.958[0;39m [32mDEBUG[0;39m [35m10544[0;39m [2m---[0;39m [2m[nio-9999-exec-2][0;39m [36mcom.pjt.aptmoa.controller.QnaController [0;39m [2m:[0;39m retrieveQna - 호출
[2m2022-05-21 01:41:59.868[0;39m [32mDEBUG[0;39m [35m10544[0;39m [2m---[0;39m [2m[nio-9999-exec-4][0;39m [36mcom.pjt.aptmoa.controller.QnaController [0;39m [2m:[0;39m retrieveQna - 호출
[2m2022-05-21 01:54:23.838[0;39m [32mDEBUG[0;39m [35m10544[0;39m [2m---[0;39m [2m[nio-9999-exec-6][0;39m [36mcom.pjt.aptmoa.controller.QnaController [0;39m [2m:[0;39m retrieveQna - 호출
[2m2022-05-21 02:02:21.536[0;39m [32m INFO[0;39m [35m10544[0;39m [2m---[0;39m [2m[  restartedMain][0;39m [36mo.s.b.w.embedded.tomcat.TomcatWebServer [0;39m [2m:[0;39m Tomcat initialized with port(s): 9999 (http)
[2m2022-05-21 02:02:21.577[0;39m [32m INFO[0;39m [35m10544[0;39m [2m---[0;39m [2m[  restartedMain][0;39m [36mw.s.c.ServletWebServerApplicationContext[0;39m [2m:[0;39m Root WebApplicationContext: initialization completed in 349 ms
[2m2022-05-21 02:02:21.697[0;39m [32m INFO[0;39m [35m10544[0;39m [2m---[0;39m [2m[  restartedMain][0;39m [36mo.s.b.d.a.OptionalLiveReloadServer      [0;39m [2m:[0;39m LiveReload server is running on port 35729
[2m2022-05-21 02:02:21.736[0;39m [32m INFO[0;39m [35m10544[0;39m [2m---[0;39m [2m[  restartedMain][0;39m [36mo.s.b.w.embedded.tomcat.TomcatWebServer [0;39m [2m:[0;39m Tomcat started on port(s): 9999 (http) with context path '/aptmoa'
[2m2022-05-21 02:02:21.807[0;39m [32m INFO[0;39m [35m10544[0;39m [2m---[0;39m [2m[  restartedMain][0;39m [36m.ConditionEvaluationDeltaLoggingListener[0;39m [2m:[0;39m Condition evaluation unchanged
[2m2022-05-21 02:09:11.117[0;39m [32m INFO[0;39m [35m10544[0;39m [2m---[0;39m [2m[(118)-127.0.0.1][0;39m [36minMXBeanRegistrar$SpringApplicationAdmin[0;39m [2m:[0;39m Application shutdown requested.
[2m2022-05-21 02:09:19.006[0;39m [32m INFO[0;39m [35m13448[0;39m [2m---[0;39m [2m[  restartedMain][0;39m [36m.e.DevToolsPropertyDefaultsPostProcessor[0;39m [2m:[0;39m Devtools property defaults active! Set 'spring.devtools.add-properties' to 'false' to disable
[2m2022-05-21 02:09:19.011[0;39m [32m INFO[0;39m [35m13448[0;39m [2m---[0;39m [2m[  restartedMain][0;39m [36m.e.DevToolsPropertyDefaultsPostProcessor[0;39m [2m:[0;39m For additional web related logging consider setting the 'logging.level.web' property to 'DEBUG'
[2m2022-05-21 02:09:20.127[0;39m [32m INFO[0;39m [35m13448[0;39m [2m---[0;39m [2m[  restartedMain][0;39m [36mo.s.b.w.embedded.tomcat.TomcatWebServer [0;39m [2m:[0;39m Tomcat initialized with port(s): 9999 (http)
[2m2022-05-21 02:09:20.276[0;39m [32m INFO[0;39m [35m13448[0;39m [2m---[0;39m [2m[  restartedMain][0;39m [36mw.s.c.ServletWebServerApplicationContext[0;39m [2m:[0;39m Root WebApplicationContext: initialization completed in 1263 ms
[2m2022-05-21 02:09:20.977[0;39m [32m INFO[0;39m [35m13448[0;39m [2m---[0;39m [2m[  restartedMain][0;39m [36mo.s.b.d.a.OptionalLiveReloadServer      [0;39m [2m:[0;39m LiveReload server is running on port 35729
[2m2022-05-21 02:09:21.167[0;39m [32m INFO[0;39m [35m13448[0;39m [2m---[0;39m [2m[  restartedMain][0;39m [36mo.s.b.w.embedded.tomcat.TomcatWebServer [0;39m [2m:[0;39m Tomcat started on port(s): 9999 (http) with context path '/aptmoa'
[2m2022-05-21 02:09:23.202[0;39m [32m INFO[0;39m [35m13448[0;39m [2m---[0;39m [2m[nio-9999-exec-2][0;39m [36mo.s.web.servlet.DispatcherServlet       [0;39m [2m:[0;39m Initializing Servlet 'dispatcherServlet'
[2m2022-05-21 02:09:23.205[0;39m [32m INFO[0;39m [35m13448[0;39m [2m---[0;39m [2m[nio-9999-exec-2][0;39m [36mo.s.web.servlet.DispatcherServlet       [0;39m [2m:[0;39m Completed initialization in 3 ms
[2m2022-05-21 02:11:35.674[0;39m [32m INFO[0;39m [35m13448[0;39m [2m---[0;39m [2m[  restartedMain][0;39m [36mo.s.b.w.embedded.tomcat.TomcatWebServer [0;39m [2m:[0;39m Tomcat initialized with port(s): 9999 (http)
[2m2022-05-21 02:11:35.717[0;39m [32m INFO[0;39m [35m13448[0;39m [2m---[0;39m [2m[  restartedMain][0;39m [36mw.s.c.ServletWebServerApplicationContext[0;39m [2m:[0;39m Root WebApplicationContext: initialization completed in 339 ms
[2m2022-05-21 02:11:35.886[0;39m [32m INFO[0;39m [35m13448[0;39m [2m---[0;39m [2m[  restartedMain][0;39m [36mo.s.b.d.a.OptionalLiveReloadServer      [0;39m [2m:[0;39m LiveReload server is running on port 35729
[2m2022-05-21 02:11:35.927[0;39m [32m INFO[0;39m [35m13448[0;39m [2m---[0;39m [2m[  restartedMain][0;39m [36mo.s.b.w.embedded.tomcat.TomcatWebServer [0;39m [2m:[0;39m Tomcat started on port(s): 9999 (http) with context path '/aptmoa'
[2m2022-05-21 02:11:36.027[0;39m [32m INFO[0;39m [35m13448[0;39m [2m---[0;39m [2m[  restartedMain][0;39m [36m.ConditionEvaluationDeltaLoggingListener[0;39m [2m:[0;39m Condition evaluation unchanged
[2m2022-05-21 02:18:05.567[0;39m [32m INFO[0;39m [35m13448[0;39m [2m---[0;39m [2m[  restartedMain][0;39m [36mo.s.b.w.embedded.tomcat.TomcatWebServer [0;39m [2m:[0;39m Tomcat initialized with port(s): 9999 (http)
[2m2022-05-21 02:18:05.607[0;39m [32m INFO[0;39m [35m13448[0;39m [2m---[0;39m [2m[  restartedMain][0;39m [36mw.s.c.ServletWebServerApplicationContext[0;39m [2m:[0;39m Root WebApplicationContext: initialization completed in 334 ms
[2m2022-05-21 02:18:05.767[0;39m [32m INFO[0;39m [35m13448[0;39m [2m---[0;39m [2m[  restartedMain][0;39m [36mo.s.b.d.a.OptionalLiveReloadServer      [0;39m [2m:[0;39m LiveReload server is running on port 35729
[2m2022-05-21 02:18:05.803[0;39m [32m INFO[0;39m [35m13448[0;39m [2m---[0;39m [2m[  restartedMain][0;39m [36mo.s.b.w.embedded.tomcat.TomcatWebServer [0;39m [2m:[0;39m Tomcat started on port(s): 9999 (http) with context path '/aptmoa'
[2m2022-05-21 02:18:05.897[0;39m [32m INFO[0;39m [35m13448[0;39m [2m---[0;39m [2m[  restartedMain][0;39m [36m.ConditionEvaluationDeltaLoggingListener[0;39m [2m:[0;39m Condition evaluation unchanged
[2m2022-05-21 02:18:13.260[0;39m [32m INFO[0;39m [35m13448[0;39m [2m---[0;39m [2m[nio-9999-exec-1][0;39m [36mo.s.web.servlet.DispatcherServlet       [0;39m [2m:[0;39m Initializing Servlet 'dispatcherServlet'
[2m2022-05-21 02:18:13.263[0;39m [32m INFO[0;39m [35m13448[0;39m [2m---[0;39m [2m[nio-9999-exec-1][0;39m [36mo.s.web.servlet.DispatcherServlet       [0;39m [2m:[0;39m Completed initialization in 1 ms
[2m2022-05-21 02:24:33.073[0;39m [32m INFO[0;39m [35m13448[0;39m [2m---[0;39m [2m[  restartedMain][0;39m [36mo.s.b.w.embedded.tomcat.TomcatWebServer [0;39m [2m:[0;39m Tomcat initialized with port(s): 9999 (http)
[2m2022-05-21 02:24:33.128[0;39m [32m INFO[0;39m [35m13448[0;39m [2m---[0;39m [2m[  restartedMain][0;39m [36mw.s.c.ServletWebServerApplicationContext[0;39m [2m:[0;39m Root WebApplicationContext: initialization completed in 370 ms
[2m2022-05-21 02:24:33.269[0;39m [32m INFO[0;39m [35m13448[0;39m [2m---[0;39m [2m[  restartedMain][0;39m [36mo.s.b.d.a.OptionalLiveReloadServer      [0;39m [2m:[0;39m LiveReload server is running on port 35729
[2m2022-05-21 02:24:33.313[0;39m [32m INFO[0;39m [35m13448[0;39m [2m---[0;39m [2m[  restartedMain][0;39m [36mo.s.b.w.embedded.tomcat.TomcatWebServer [0;39m [2m:[0;39m Tomcat started on port(s): 9999 (http) with context path '/aptmoa'
[2m2022-05-21 02:24:33.397[0;39m [32m INFO[0;39m [35m13448[0;39m [2m---[0;39m [2m[  restartedMain][0;39m [36m.ConditionEvaluationDeltaLoggingListener[0;39m [2m:[0;39m Condition evaluation unchanged
[2m2022-05-21 02:26:24.067[0;39m [32m INFO[0;39m [35m13448[0;39m [2m---[0;39m [2m[  restartedMain][0;39m [36mo.s.b.w.embedded.tomcat.TomcatWebServer [0;39m [2m:[0;39m Tomcat initialized with port(s): 9999 (http)
[2m2022-05-21 02:26:24.117[0;39m [32m INFO[0;39m [35m13448[0;39m [2m---[0;39m [2m[  restartedMain][0;39m [36mw.s.c.ServletWebServerApplicationContext[0;39m [2m:[0;39m Root WebApplicationContext: initialization completed in 325 ms
[2m2022-05-21 02:26:24.247[0;39m [32m INFO[0;39m [35m13448[0;39m [2m---[0;39m [2m[  restartedMain][0;39m [36mo.s.b.d.a.OptionalLiveReloadServer      [0;39m [2m:[0;39m LiveReload server is running on port 35729
[2m2022-05-21 02:26:24.283[0;39m [32m INFO[0;39m [35m13448[0;39m [2m---[0;39m [2m[  restartedMain][0;39m [36mo.s.b.w.embedded.tomcat.TomcatWebServer [0;39m [2m:[0;39m Tomcat started on port(s): 9999 (http) with context path '/aptmoa'
[2m2022-05-21 02:26:24.362[0;39m [32m INFO[0;39m [35m13448[0;39m [2m---[0;39m [2m[  restartedMain][0;39m [36m.ConditionEvaluationDeltaLoggingListener[0;39m [2m:[0;39m Condition evaluation unchanged
[2m2022-05-21 02:26:29.344[0;39m [32m INFO[0;39m [35m13448[0;39m [2m---[0;39m [2m[  restartedMain][0;39m [36mo.s.b.w.embedded.tomcat.TomcatWebServer [0;39m [2m:[0;39m Tomcat initialized with port(s): 9999 (http)
[2m2022-05-21 02:26:29.387[0;39m [32m INFO[0;39m [35m13448[0;39m [2m---[0;39m [2m[  restartedMain][0;39m [36mw.s.c.ServletWebServerApplicationContext[0;39m [2m:[0;39m Root WebApplicationContext: initialization completed in 289 ms
[2m2022-05-21 02:26:29.517[0;39m [32m INFO[0;39m [35m13448[0;39m [2m---[0;39m [2m[  restartedMain][0;39m [36mo.s.b.d.a.OptionalLiveReloadServer      [0;39m [2m:[0;39m LiveReload server is running on port 35729
[2m2022-05-21 02:26:29.547[0;39m [32m INFO[0;39m [35m13448[0;39m [2m---[0;39m [2m[  restartedMain][0;39m [36mo.s.b.w.embedded.tomcat.TomcatWebServer [0;39m [2m:[0;39m Tomcat started on port(s): 9999 (http) with context path '/aptmoa'
[2m2022-05-21 02:26:29.627[0;39m [32m INFO[0;39m [35m13448[0;39m [2m---[0;39m [2m[  restartedMain][0;39m [36m.ConditionEvaluationDeltaLoggingListener[0;39m [2m:[0;39m Condition evaluation unchanged
[2m2022-05-21 02:26:32.689[0;39m [32m INFO[0;39m [35m13448[0;39m [2m---[0;39m [2m[  restartedMain][0;39m [36mo.s.b.w.embedded.tomcat.TomcatWebServer [0;39m [2m:[0;39m Tomcat initialized with port(s): 9999 (http)
[2m2022-05-21 02:26:32.726[0;39m [32m INFO[0;39m [35m13448[0;39m [2m---[0;39m [2m[  restartedMain][0;39m [36mw.s.c.ServletWebServerApplicationContext[0;39m [2m:[0;39m Root WebApplicationContext: initialization completed in 286 ms
[2m2022-05-21 02:26:32.859[0;39m [32m INFO[0;39m [35m13448[0;39m [2m---[0;39m [2m[  restartedMain][0;39m [36mo.s.b.d.a.OptionalLiveReloadServer      [0;39m [2m:[0;39m LiveReload server is running on port 35729
[2m2022-05-21 02:26:32.898[0;39m [32m INFO[0;39m [35m13448[0;39m [2m---[0;39m [2m[  restartedMain][0;39m [36mo.s.b.w.embedded.tomcat.TomcatWebServer [0;39m [2m:[0;39m Tomcat started on port(s): 9999 (http) with context path '/aptmoa'
[2m2022-05-21 02:26:32.970[0;39m [32m INFO[0;39m [35m13448[0;39m [2m---[0;39m [2m[  restartedMain][0;39m [36m.ConditionEvaluationDeltaLoggingListener[0;39m [2m:[0;39m Condition evaluation unchanged
[2m2022-05-21 02:26:50.347[0;39m [32m INFO[0;39m [35m13448[0;39m [2m---[0;39m [2m[  restartedMain][0;39m [36mo.s.b.w.embedded.tomcat.TomcatWebServer [0;39m [2m:[0;39m Tomcat initialized with port(s): 9999 (http)
[2m2022-05-21 02:26:50.378[0;39m [32m INFO[0;39m [35m13448[0;39m [2m---[0;39m [2m[  restartedMain][0;39m [36mw.s.c.ServletWebServerApplicationContext[0;39m [2m:[0;39m Root WebApplicationContext: initialization completed in 264 ms
[2m2022-05-21 02:26:50.516[0;39m [32m INFO[0;39m [35m13448[0;39m [2m---[0;39m [2m[  restartedMain][0;39m [36mo.s.b.d.a.OptionalLiveReloadServer      [0;39m [2m:[0;39m LiveReload server is running on port 35729
[2m2022-05-21 02:26:50.547[0;39m [32m INFO[0;39m [35m13448[0;39m [2m---[0;39m [2m[  restartedMain][0;39m [36mo.s.b.w.embedded.tomcat.TomcatWebServer [0;39m [2m:[0;39m Tomcat started on port(s): 9999 (http) with context path '/aptmoa'
[2m2022-05-21 02:26:50.628[0;39m [32m INFO[0;39m [35m13448[0;39m [2m---[0;39m [2m[  restartedMain][0;39m [36m.ConditionEvaluationDeltaLoggingListener[0;39m [2m:[0;39m Condition evaluation unchanged
[2m2022-05-21 02:34:14.346[0;39m [32m INFO[0;39m [35m13448[0;39m [2m---[0;39m [2m[nio-9999-exec-1][0;39m [36mo.s.web.servlet.DispatcherServlet       [0;39m [2m:[0;39m Initializing Servlet 'dispatcherServlet'
[2m2022-05-21 02:34:14.357[0;39m [32m INFO[0;39m [35m13448[0;39m [2m---[0;39m [2m[nio-9999-exec-1][0;39m [36mo.s.web.servlet.DispatcherServlet       [0;39m [2m:[0;39m Completed initialization in 1 ms
[2m2022-05-21 02:34:14.526[0;39m [32mDEBUG[0;39m [35m13448[0;39m [2m---[0;39m [2m[nio-9999-exec-2][0;39m [36mc.pjt.aptmoa.controller.UserController  [0;39m [2m:[0;39m 로그인 토큰정보 : eyJ0eXAiOiJKV1QiLCJyZWdEYXRlIjoxNjUzMDY4MDU0NDg3LCJhbGciOiJIUzI1NiJ9.eyJleHAiOjE2NTMwNzE2NTQsInN1YiI6ImFjY2Vzcy10b2tlbiIsInVzZXJpZCI6InNzYWZ5In0.GrOAwiZJpAnsG6DBE5IY3011SXIlFzGljP_swrmZ9oo
[2m2022-05-21 02:34:14.601[0;39m [32m INFO[0;39m [35m13448[0;39m [2m---[0;39m [2m[nio-9999-exec-4][0;39m [36mc.pjt.aptmoa.controller.UserController  [0;39m [2m:[0;39m 사용 가능한 토큰!!!
[2m2022-05-21 02:34:18.439[0;39m [32mDEBUG[0;39m [35m13448[0;39m [2m---[0;39m [2m[nio-9999-exec-3][0;39m [36mc.p.aptmoa.controller.NoticeController  [0;39m [2m:[0;39m retrieveNotice - 호출
[2m2022-05-21 02:34:28.975[0;39m [32mDEBUG[0;39m [35m13448[0;39m [2m---[0;39m [2m[nio-9999-exec-7][0;39m [36mc.pjt.aptmoa.controller.UserController  [0;39m [2m:[0;39m 로그인 토큰정보 : eyJ0eXAiOiJKV1QiLCJyZWdEYXRlIjoxNjUzMDY4MDY4OTc0LCJhbGciOiJIUzI1NiJ9.eyJleHAiOjE2NTMwNzE2NjgsInN1YiI6ImFjY2Vzcy10b2tlbiIsInVzZXJpZCI6ImFkbWluIn0.wHPnBzLqAxnTgyaxVrzMc9frsnw-PYbKUPSGFq4vGXo
[2m2022-05-21 02:34:28.997[0;39m [32m INFO[0;39m [35m13448[0;39m [2m---[0;39m [2m[nio-9999-exec-9][0;39m [36mc.pjt.aptmoa.controller.UserController  [0;39m [2m:[0;39m 사용 가능한 토큰!!!
[2m2022-05-21 02:42:35.997[0;39m [32m INFO[0;39m [35m13448[0;39m [2m---[0;39m [2m[n(57)-127.0.0.1][0;39m [36minMXBeanRegistrar$SpringApplicationAdmin[0;39m [2m:[0;39m Application shutdown requested.
